

================================================================
== Vitis HLS Report for 'Array2xfMat_64_6_1080_1920_1_s'
================================================================
* Date:           Wed Jun 29 08:15:30 2022

* Version:        2022.1 (Build 3526262 on Mon Apr 18 15:47:01 MDT 2022)
* Project:        pp_pipeline_accel
* Solution:       solution (Vitis Kernel Flow Target)
* Product family: zynquplus
* Target device:  xck26-sfvc784-2LV-c


================================================================
== Performance Estimates
================================================================
+ Timing: 
    * Summary: 
    +--------+---------+----------+------------+
    |  Clock |  Target | Estimated| Uncertainty|
    +--------+---------+----------+------------+
    |ap_clk  |  3.33 ns|  2.597 ns|     0.90 ns|
    +--------+---------+----------+------------+

+ Latency: 
    * Summary: 
    +---------+---------+----------+----------+-----+---------+---------+
    |  Latency (cycles) |  Latency (absolute) |    Interval   | Pipeline|
    |   min   |   max   |    min   |    max   | min |   max   |   Type  |
    +---------+---------+----------+----------+-----+---------+---------+
    |       89|  2073688|  0.297 us|  6.912 ms|   89|  2073688|       no|
    +---------+---------+----------+----------+-----+---------+---------+

    + Detail: 
        * Instance: 
        +-------------------+---------+---------+---------+----------+----------+-----+---------+----------+
        |                   |         |  Latency (cycles) |  Latency (absolute) |    Interval   | Pipeline |
        |      Instance     |  Module |   min   |   max   |    min   |    max   | min |   max   |   Type   |
        +-------------------+---------+---------+---------+----------+----------+-----+---------+----------+
        |grp_Axi2Mat_fu_64  |Axi2Mat  |       87|  2073686|  0.290 us|  6.912 ms|   11|  2073610|  dataflow|
        +-------------------+---------+---------+---------+----------+----------+-----+---------+----------+

        * Loop: 
        N/A



================================================================
== Utilization Estimates
================================================================
* Summary: 
+-----------------+---------+------+--------+--------+-----+
|       Name      | BRAM_18K|  DSP |   FF   |   LUT  | URAM|
+-----------------+---------+------+--------+--------+-----+
|DSP              |        -|     -|       -|       -|    -|
|Expression       |        -|     -|       0|       6|    -|
|FIFO             |        -|     -|       -|       -|    -|
|Instance         |        -|     4|    2058|    4307|    -|
|Memory           |        -|     -|       -|       -|    -|
|Multiplexer      |        -|     -|       -|      56|    -|
|Register         |        -|     -|       7|       -|    -|
+-----------------+---------+------+--------+--------+-----+
|Total            |        0|     4|    2065|    4369|    0|
+-----------------+---------+------+--------+--------+-----+
|Available        |      288|  1248|  234240|  117120|   64|
+-----------------+---------+------+--------+--------+-----+
|Utilization (%)  |        0|    ~0|      ~0|       3|    0|
+-----------------+---------+------+--------+--------+-----+

+ Detail: 
    * Instance: 
    +-------------------+---------+---------+----+------+------+-----+
    |      Instance     |  Module | BRAM_18K| DSP|  FF  |  LUT | URAM|
    +-------------------+---------+---------+----+------+------+-----+
    |grp_Axi2Mat_fu_64  |Axi2Mat  |        0|   4|  2058|  4307|    0|
    +-------------------+---------+---------+----+------+------+-----+
    |Total              |         |        0|   4|  2058|  4307|    0|
    +-------------------+---------+---------+----+------+------+-----+

    * DSP: 
    N/A

    * Memory: 
    N/A

    * FIFO: 
    N/A

    * Expression: 
    +------------------------------------+----------+----+---+----+------------+------------+
    |            Variable Name           | Operation| DSP| FF| LUT| Bitwidth P0| Bitwidth P1|
    +------------------------------------+----------+----+---+----+------------+------------+
    |ap_block_state1                     |        or|   0|  0|   2|           1|           1|
    |ap_sync_grp_Axi2Mat_fu_64_ap_done   |        or|   0|  0|   2|           1|           1|
    |ap_sync_grp_Axi2Mat_fu_64_ap_ready  |        or|   0|  0|   2|           1|           1|
    +------------------------------------+----------+----+---+----+------------+------------+
    |Total                               |          |   0|  0|   6|           3|           3|
    +------------------------------------+----------+----+---+----+------------+------------+

    * Multiplexer: 
    +------------------------+----+-----------+-----+-----------+
    |          Name          | LUT| Input Size| Bits| Total Bits|
    +------------------------+----+-----------+-----+-----------+
    |ap_NS_fsm               |  20|          4|    1|          4|
    |ap_done                 |   9|          2|    1|          2|
    |imgInput_uv_data_write  |   9|          2|    1|          2|
    |m_axi_gmem2_ARVALID     |   9|          2|    1|          2|
    |m_axi_gmem2_RREADY      |   9|          2|    1|          2|
    +------------------------+----+-----------+-----+-----------+
    |Total                   |  56|         12|    5|         12|
    +------------------------+----+-----------+-----+-----------+

    * Register: 
    +----------------------------------------+---+----+-----+-----------+
    |                  Name                  | FF| LUT| Bits| Const Bits|
    +----------------------------------------+---+----+-----+-----------+
    |ap_CS_fsm                               |  3|   0|    3|          0|
    |ap_done_reg                             |  1|   0|    1|          0|
    |ap_sync_reg_grp_Axi2Mat_fu_64_ap_done   |  1|   0|    1|          0|
    |ap_sync_reg_grp_Axi2Mat_fu_64_ap_ready  |  1|   0|    1|          0|
    |grp_Axi2Mat_fu_64_ap_start_reg          |  1|   0|    1|          0|
    +----------------------------------------+---+----+-----+-----------+
    |Total                                   |  7|   0|    7|          0|
    +----------------------------------------+---+----+-----+-----------+



================================================================
== Interface
================================================================
* Summary: 
+---------------------------------+-----+-----+------------+-----------------------------------+--------------+
|            RTL Ports            | Dir | Bits|  Protocol  |           Source Object           |    C Type    |
+---------------------------------+-----+-----+------------+-----------------------------------+--------------+
|ap_clk                           |   in|    1|  ap_ctrl_hs|  Array2xfMat<64, 6, 1080, 1920, 1>|  return value|
|ap_rst                           |   in|    1|  ap_ctrl_hs|  Array2xfMat<64, 6, 1080, 1920, 1>|  return value|
|ap_start                         |   in|    1|  ap_ctrl_hs|  Array2xfMat<64, 6, 1080, 1920, 1>|  return value|
|ap_done                          |  out|    1|  ap_ctrl_hs|  Array2xfMat<64, 6, 1080, 1920, 1>|  return value|
|ap_continue                      |   in|    1|  ap_ctrl_hs|  Array2xfMat<64, 6, 1080, 1920, 1>|  return value|
|ap_idle                          |  out|    1|  ap_ctrl_hs|  Array2xfMat<64, 6, 1080, 1920, 1>|  return value|
|ap_ready                         |  out|    1|  ap_ctrl_hs|  Array2xfMat<64, 6, 1080, 1920, 1>|  return value|
|m_axi_gmem2_AWVALID              |  out|    1|       m_axi|                              gmem2|       pointer|
|m_axi_gmem2_AWREADY              |   in|    1|       m_axi|                              gmem2|       pointer|
|m_axi_gmem2_AWADDR               |  out|   64|       m_axi|                              gmem2|       pointer|
|m_axi_gmem2_AWID                 |  out|    1|       m_axi|                              gmem2|       pointer|
|m_axi_gmem2_AWLEN                |  out|   32|       m_axi|                              gmem2|       pointer|
|m_axi_gmem2_AWSIZE               |  out|    3|       m_axi|                              gmem2|       pointer|
|m_axi_gmem2_AWBURST              |  out|    2|       m_axi|                              gmem2|       pointer|
|m_axi_gmem2_AWLOCK               |  out|    2|       m_axi|                              gmem2|       pointer|
|m_axi_gmem2_AWCACHE              |  out|    4|       m_axi|                              gmem2|       pointer|
|m_axi_gmem2_AWPROT               |  out|    3|       m_axi|                              gmem2|       pointer|
|m_axi_gmem2_AWQOS                |  out|    4|       m_axi|                              gmem2|       pointer|
|m_axi_gmem2_AWREGION             |  out|    4|       m_axi|                              gmem2|       pointer|
|m_axi_gmem2_AWUSER               |  out|    1|       m_axi|                              gmem2|       pointer|
|m_axi_gmem2_WVALID               |  out|    1|       m_axi|                              gmem2|       pointer|
|m_axi_gmem2_WREADY               |   in|    1|       m_axi|                              gmem2|       pointer|
|m_axi_gmem2_WDATA                |  out|   64|       m_axi|                              gmem2|       pointer|
|m_axi_gmem2_WSTRB                |  out|    8|       m_axi|                              gmem2|       pointer|
|m_axi_gmem2_WLAST                |  out|    1|       m_axi|                              gmem2|       pointer|
|m_axi_gmem2_WID                  |  out|    1|       m_axi|                              gmem2|       pointer|
|m_axi_gmem2_WUSER                |  out|    1|       m_axi|                              gmem2|       pointer|
|m_axi_gmem2_ARVALID              |  out|    1|       m_axi|                              gmem2|       pointer|
|m_axi_gmem2_ARREADY              |   in|    1|       m_axi|                              gmem2|       pointer|
|m_axi_gmem2_ARADDR               |  out|   64|       m_axi|                              gmem2|       pointer|
|m_axi_gmem2_ARID                 |  out|    1|       m_axi|                              gmem2|       pointer|
|m_axi_gmem2_ARLEN                |  out|   32|       m_axi|                              gmem2|       pointer|
|m_axi_gmem2_ARSIZE               |  out|    3|       m_axi|                              gmem2|       pointer|
|m_axi_gmem2_ARBURST              |  out|    2|       m_axi|                              gmem2|       pointer|
|m_axi_gmem2_ARLOCK               |  out|    2|       m_axi|                              gmem2|       pointer|
|m_axi_gmem2_ARCACHE              |  out|    4|       m_axi|                              gmem2|       pointer|
|m_axi_gmem2_ARPROT               |  out|    3|       m_axi|                              gmem2|       pointer|
|m_axi_gmem2_ARQOS                |  out|    4|       m_axi|                              gmem2|       pointer|
|m_axi_gmem2_ARREGION             |  out|    4|       m_axi|                              gmem2|       pointer|
|m_axi_gmem2_ARUSER               |  out|    1|       m_axi|                              gmem2|       pointer|
|m_axi_gmem2_RVALID               |   in|    1|       m_axi|                              gmem2|       pointer|
|m_axi_gmem2_RREADY               |  out|    1|       m_axi|                              gmem2|       pointer|
|m_axi_gmem2_RDATA                |   in|   64|       m_axi|                              gmem2|       pointer|
|m_axi_gmem2_RLAST                |   in|    1|       m_axi|                              gmem2|       pointer|
|m_axi_gmem2_RID                  |   in|    1|       m_axi|                              gmem2|       pointer|
|m_axi_gmem2_RFIFONUM             |   in|    9|       m_axi|                              gmem2|       pointer|
|m_axi_gmem2_RUSER                |   in|    1|       m_axi|                              gmem2|       pointer|
|m_axi_gmem2_RRESP                |   in|    2|       m_axi|                              gmem2|       pointer|
|m_axi_gmem2_BVALID               |   in|    1|       m_axi|                              gmem2|       pointer|
|m_axi_gmem2_BREADY               |  out|    1|       m_axi|                              gmem2|       pointer|
|m_axi_gmem2_BRESP                |   in|    2|       m_axi|                              gmem2|       pointer|
|m_axi_gmem2_BID                  |   in|    1|       m_axi|                              gmem2|       pointer|
|m_axi_gmem2_BUSER                |   in|    1|       m_axi|                              gmem2|       pointer|
|img_inp_uv                       |   in|   64|     ap_none|                         img_inp_uv|        scalar|
|p_read                           |   in|   11|     ap_none|                             p_read|        scalar|
|p_read1                          |   in|   11|     ap_none|                            p_read1|        scalar|
|imgInput_uv_data_din             |  out|   16|     ap_fifo|                   imgInput_uv_data|       pointer|
|imgInput_uv_data_num_data_valid  |   in|    2|     ap_fifo|                   imgInput_uv_data|       pointer|
|imgInput_uv_data_fifo_cap        |   in|    2|     ap_fifo|                   imgInput_uv_data|       pointer|
|imgInput_uv_data_full_n          |   in|    1|     ap_fifo|                   imgInput_uv_data|       pointer|
|imgInput_uv_data_write           |  out|    1|     ap_fifo|                   imgInput_uv_data|       pointer|
|p_read2                          |   in|   32|     ap_none|                            p_read2|        scalar|
+---------------------------------+-----+-----+------------+-----------------------------------+--------------+

