

================================================================
== Vitis HLS Report for 'Axi2AxiStream_Pipeline_VITIS_LOOP_1028_1'
================================================================
* Date:           Wed Jun 29 08:15:26 2022

* Version:        2022.1 (Build 3526262 on Mon Apr 18 15:47:01 MDT 2022)
* Project:        pp_pipeline_accel
* Solution:       solution (Vitis Kernel Flow Target)
* Product family: zynquplus
* Target device:  xck26-sfvc784-2LV-c


================================================================
== Performance Estimates
================================================================
+ Timing: 
    * Summary: 
    +--------+---------+----------+------------+
    |  Clock |  Target | Estimated| Uncertainty|
    +--------+---------+----------+------------+
    |ap_clk  |  3.33 ns|  2.433 ns|     0.90 ns|
    +--------+---------+----------+------------+

+ Latency: 
    * Summary: 
    +---------+---------+-----------+----------+-----+-----+---------+
    |  Latency (cycles) |  Latency (absolute)  |  Interval | Pipeline|
    |   min   |   max   |    min    |    max   | min | max |   Type  |
    +---------+---------+-----------+----------+-----+-----+---------+
    |        4|      483|  13.332 ns|  1.610 us|    4|  483|       no|
    +---------+---------+-----------+----------+-----+-----+---------+

    + Detail: 
        * Instance: 
        N/A

        * Loop: 
        +---------------------+---------+---------+----------+-----------+-----------+---------+----------+
        |                     |  Latency (cycles) | Iteration|  Initiation Interval  |   Trip  |          |
        |      Loop Name      |   min   |   max   |  Latency |  achieved |   target  |  Count  | Pipelined|
        +---------------------+---------+---------+----------+-----------+-----------+---------+----------+
        |- VITIS_LOOP_1028_1  |        2|      481|         3|          1|          1|  1 ~ 480|       yes|
        +---------------------+---------+---------+----------+-----------+-----------+---------+----------+



================================================================
== Utilization Estimates
================================================================
* Summary: 
+-----------------+---------+------+--------+--------+-----+
|       Name      | BRAM_18K|  DSP |   FF   |   LUT  | URAM|
+-----------------+---------+------+--------+--------+-----+
|DSP              |        -|     -|       -|       -|    -|
|Expression       |        -|     -|       0|      47|    -|
|FIFO             |        -|     -|       -|       -|    -|
|Instance         |        -|     -|       -|       -|    -|
|Memory           |        -|     -|       -|       -|    -|
|Multiplexer      |        -|     -|       -|      54|    -|
|Register         |        -|     -|      90|       -|    -|
+-----------------+---------+------+--------+--------+-----+
|Total            |        0|     0|      90|     101|    0|
+-----------------+---------+------+--------+--------+-----+
|Available        |      288|  1248|  234240|  117120|   64|
+-----------------+---------+------+--------+--------+-----+
|Utilization (%)  |        0|     0|      ~0|      ~0|    0|
+-----------------+---------+------+--------+--------+-----+

+ Detail: 
    * Instance: 
    N/A

    * DSP: 
    N/A

    * Memory: 
    N/A

    * FIFO: 
    N/A

    * Expression: 
    +----------------------------------+----------+----+---+----+------------+------------+
    |           Variable Name          | Operation| DSP| FF| LUT| Bitwidth P0| Bitwidth P1|
    +----------------------------------+----------+----+---+----+------------+------------+
    |c_V_2_fu_102_p2                   |         +|   0|  0|  27|          20|           1|
    |ap_block_state2_pp0_stage0_iter1  |       and|   0|  0|   2|           1|           1|
    |icmp_ln1028_fu_96_p2              |      icmp|   0|  0|  14|          20|          20|
    |ap_block_pp0_stage0_01001         |        or|   0|  0|   2|           1|           1|
    |ap_enable_pp0                     |       xor|   0|  0|   2|           1|           2|
    +----------------------------------+----------+----+---+----+------------+------------+
    |Total                             |          |   0|  0|  47|          43|          25|
    +----------------------------------+----------+----+---+----+------------+------------+

    * Multiplexer: 
    +-------------------------+----+-----------+-----+-----------+
    |           Name          | LUT| Input Size| Bits| Total Bits|
    +-------------------------+----+-----------+-----+-----------+
    |ap_done_int              |   9|          2|    1|          2|
    |ap_enable_reg_pp0_iter2  |   9|          2|    1|          2|
    |ap_sig_allocacmp_c_V_1   |   9|          2|   20|         40|
    |c_V_fu_56                |   9|          2|   20|         40|
    |gmem2_blk_n_R            |   9|          2|    1|          2|
    |ldata_blk_n              |   9|          2|    1|          2|
    +-------------------------+----+-----------+-----+-----------+
    |Total                    |  54|         12|   44|         88|
    +-------------------------+----+-----------+-----+-----------+

    * Register: 
    +----------------------------------+----+----+-----+-----------+
    |               Name               | FF | LUT| Bits| Const Bits|
    +----------------------------------+----+----+-----+-----------+
    |ap_CS_fsm                         |   1|   0|    1|          0|
    |ap_done_reg                       |   1|   0|    1|          0|
    |ap_enable_reg_pp0_iter1           |   1|   0|    1|          0|
    |ap_enable_reg_pp0_iter2           |   1|   0|    1|          0|
    |ap_loop_exit_ready_pp0_iter1_reg  |   1|   0|    1|          0|
    |c_V_fu_56                         |  20|   0|   20|          0|
    |gmem2_addr_read_reg_135           |  64|   0|   64|          0|
    |icmp_ln1028_reg_131               |   1|   0|    1|          0|
    +----------------------------------+----+----+-----+-----------+
    |Total                             |  90|   0|   90|          0|
    +----------------------------------+----+----+-----+-----------+



================================================================
== Interface
================================================================
* Summary: 
+----------------------+-----+-----+------------+------------------------------------------+--------------+
|       RTL Ports      | Dir | Bits|  Protocol  |               Source Object              |    C Type    |
+----------------------+-----+-----+------------+------------------------------------------+--------------+
|ap_clk                |   in|    1|  ap_ctrl_hs|  Axi2AxiStream_Pipeline_VITIS_LOOP_1028_1|  return value|
|ap_rst                |   in|    1|  ap_ctrl_hs|  Axi2AxiStream_Pipeline_VITIS_LOOP_1028_1|  return value|
|ap_start              |   in|    1|  ap_ctrl_hs|  Axi2AxiStream_Pipeline_VITIS_LOOP_1028_1|  return value|
|ap_done               |  out|    1|  ap_ctrl_hs|  Axi2AxiStream_Pipeline_VITIS_LOOP_1028_1|  return value|
|ap_idle               |  out|    1|  ap_ctrl_hs|  Axi2AxiStream_Pipeline_VITIS_LOOP_1028_1|  return value|
|ap_ready              |  out|    1|  ap_ctrl_hs|  Axi2AxiStream_Pipeline_VITIS_LOOP_1028_1|  return value|
|m_axi_gmem2_AWVALID   |  out|    1|       m_axi|                                     gmem2|       pointer|
|m_axi_gmem2_AWREADY   |   in|    1|       m_axi|                                     gmem2|       pointer|
|m_axi_gmem2_AWADDR    |  out|   64|       m_axi|                                     gmem2|       pointer|
|m_axi_gmem2_AWID      |  out|    1|       m_axi|                                     gmem2|       pointer|
|m_axi_gmem2_AWLEN     |  out|   32|       m_axi|                                     gmem2|       pointer|
|m_axi_gmem2_AWSIZE    |  out|    3|       m_axi|                                     gmem2|       pointer|
|m_axi_gmem2_AWBURST   |  out|    2|       m_axi|                                     gmem2|       pointer|
|m_axi_gmem2_AWLOCK    |  out|    2|       m_axi|                                     gmem2|       pointer|
|m_axi_gmem2_AWCACHE   |  out|    4|       m_axi|                                     gmem2|       pointer|
|m_axi_gmem2_AWPROT    |  out|    3|       m_axi|                                     gmem2|       pointer|
|m_axi_gmem2_AWQOS     |  out|    4|       m_axi|                                     gmem2|       pointer|
|m_axi_gmem2_AWREGION  |  out|    4|       m_axi|                                     gmem2|       pointer|
|m_axi_gmem2_AWUSER    |  out|    1|       m_axi|                                     gmem2|       pointer|
|m_axi_gmem2_WVALID    |  out|    1|       m_axi|                                     gmem2|       pointer|
|m_axi_gmem2_WREADY    |   in|    1|       m_axi|                                     gmem2|       pointer|
|m_axi_gmem2_WDATA     |  out|   64|       m_axi|                                     gmem2|       pointer|
|m_axi_gmem2_WSTRB     |  out|    8|       m_axi|                                     gmem2|       pointer|
|m_axi_gmem2_WLAST     |  out|    1|       m_axi|                                     gmem2|       pointer|
|m_axi_gmem2_WID       |  out|    1|       m_axi|                                     gmem2|       pointer|
|m_axi_gmem2_WUSER     |  out|    1|       m_axi|                                     gmem2|       pointer|
|m_axi_gmem2_ARVALID   |  out|    1|       m_axi|                                     gmem2|       pointer|
|m_axi_gmem2_ARREADY   |   in|    1|       m_axi|                                     gmem2|       pointer|
|m_axi_gmem2_ARADDR    |  out|   64|       m_axi|                                     gmem2|       pointer|
|m_axi_gmem2_ARID      |  out|    1|       m_axi|                                     gmem2|       pointer|
|m_axi_gmem2_ARLEN     |  out|   32|       m_axi|                                     gmem2|       pointer|
|m_axi_gmem2_ARSIZE    |  out|    3|       m_axi|                                     gmem2|       pointer|
|m_axi_gmem2_ARBURST   |  out|    2|       m_axi|                                     gmem2|       pointer|
|m_axi_gmem2_ARLOCK    |  out|    2|       m_axi|                                     gmem2|       pointer|
|m_axi_gmem2_ARCACHE   |  out|    4|       m_axi|                                     gmem2|       pointer|
|m_axi_gmem2_ARPROT    |  out|    3|       m_axi|                                     gmem2|       pointer|
|m_axi_gmem2_ARQOS     |  out|    4|       m_axi|                                     gmem2|       pointer|
|m_axi_gmem2_ARREGION  |  out|    4|       m_axi|                                     gmem2|       pointer|
|m_axi_gmem2_ARUSER    |  out|    1|       m_axi|                                     gmem2|       pointer|
|m_axi_gmem2_RVALID    |   in|    1|       m_axi|                                     gmem2|       pointer|
|m_axi_gmem2_RREADY    |  out|    1|       m_axi|                                     gmem2|       pointer|
|m_axi_gmem2_RDATA     |   in|   64|       m_axi|                                     gmem2|       pointer|
|m_axi_gmem2_RLAST     |   in|    1|       m_axi|                                     gmem2|       pointer|
|m_axi_gmem2_RID       |   in|    1|       m_axi|                                     gmem2|       pointer|
|m_axi_gmem2_RFIFONUM  |   in|    9|       m_axi|                                     gmem2|       pointer|
|m_axi_gmem2_RUSER     |   in|    1|       m_axi|                                     gmem2|       pointer|
|m_axi_gmem2_RRESP     |   in|    2|       m_axi|                                     gmem2|       pointer|
|m_axi_gmem2_BVALID    |   in|    1|       m_axi|                                     gmem2|       pointer|
|m_axi_gmem2_BREADY    |  out|    1|       m_axi|                                     gmem2|       pointer|
|m_axi_gmem2_BRESP     |   in|    2|       m_axi|                                     gmem2|       pointer|
|m_axi_gmem2_BID       |   in|    1|       m_axi|                                     gmem2|       pointer|
|m_axi_gmem2_BUSER     |   in|    1|       m_axi|                                     gmem2|       pointer|
|ldata_din             |  out|   64|     ap_fifo|                                     ldata|       pointer|
|ldata_num_data_valid  |   in|    2|     ap_fifo|                                     ldata|       pointer|
|ldata_fifo_cap        |   in|    2|     ap_fifo|                                     ldata|       pointer|
|ldata_full_n          |   in|    1|     ap_fifo|                                     ldata|       pointer|
|ldata_write           |  out|    1|     ap_fifo|                                     ldata|       pointer|
|sext_ln1028           |   in|   61|     ap_none|                               sext_ln1028|        scalar|
|cols_addrbound        |   in|   20|     ap_none|                            cols_addrbound|        scalar|
+----------------------+-----+-----+------------+------------------------------------------+--------------+

