

================================================================
== Vitis HLS Report for 'Axi2Mat_Block_entry3_proc'
================================================================
* Date:           Mon Jun 27 00:45:02 2022

* Version:        2022.1 (Build 3526262 on Mon Apr 18 15:47:01 MDT 2022)
* Project:        pp_pipeline_accel
* Solution:       solution (Vitis Kernel Flow Target)
* Product family: zynquplus
* Target device:  xck26-sfvc784-2LVI-i


================================================================
== Performance Estimates
================================================================
+ Timing: 
    * Summary: 
    +--------+----------+----------+------------+
    |  Clock |  Target  | Estimated| Uncertainty|
    +--------+----------+----------+------------+
    |ap_clk  |  10.00 ns|  1.838 ns|     2.70 ns|
    +--------+----------+----------+------------+

+ Latency: 
    * Summary: 
    +---------+---------+----------+----------+-----+-----+---------+
    |  Latency (cycles) |  Latency (absolute) |  Interval | Pipeline|
    |   min   |   max   |    min   |    max   | min | max |   Type  |
    +---------+---------+----------+----------+-----+-----+---------+
    |        0|        0|      0 ns|      0 ns|    0|    0|       no|
    +---------+---------+----------+----------+-----+-----+---------+

    + Detail: 
        * Instance: 
        N/A

        * Loop: 
        N/A



================================================================
== Utilization Estimates
================================================================
* Summary: 
+-----------------+---------+------+--------+--------+-----+
|       Name      | BRAM_18K|  DSP |   FF   |   LUT  | URAM|
+-----------------+---------+------+--------+--------+-----+
|DSP              |        -|     -|       -|       -|    -|
|Expression       |        -|     -|       0|      70|    -|
|FIFO             |        -|     -|       -|       -|    -|
|Instance         |        -|     -|       -|       -|    -|
|Memory           |        -|     -|       -|       -|    -|
|Multiplexer      |        -|     -|       -|      63|    -|
|Register         |        -|     -|      67|       -|    -|
+-----------------+---------+------+--------+--------+-----+
|Total            |        0|     0|      67|     133|    0|
+-----------------+---------+------+--------+--------+-----+
|Available        |      288|  1248|  234240|  117120|   64|
+-----------------+---------+------+--------+--------+-----+
|Utilization (%)  |        0|     0|      ~0|      ~0|    0|
+-----------------+---------+------+--------+--------+-----+

+ Detail: 
    * Instance: 
    N/A

    * DSP: 
    N/A

    * Memory: 
    N/A

    * FIFO: 
    N/A

    * Expression: 
    +----------------------+----------+----+---+----+------------+------------+
    |     Variable Name    | Operation| DSP| FF| LUT| Bitwidth P0| Bitwidth P1|
    +----------------------+----------+----+---+----+------------+------------+
    |icmp_ln1155_fu_70_p2  |      icmp|   0|  0|  20|          32|           2|
    |ap_block_state1       |        or|   0|  0|   2|           1|           1|
    |rows_burst_fu_80_p3   |    select|   0|  0|  16|           1|          16|
    |rows_stride_fu_88_p3  |    select|   0|  0|  32|           1|           1|
    +----------------------+----------+----+---+----+------------+------------+
    |Total                 |          |   0|  0|  70|          35|          20|
    +----------------------+----------+----+---+----+------------+------------+

    * Multiplexer: 
    +--------------+----+-----------+-----+-----------+
    |     Name     | LUT| Input Size| Bits| Total Bits|
    +--------------+----+-----------+-----+-----------+
    |ap_done       |   9|          2|    1|          2|
    |ap_return_0   |   9|          2|   16|         32|
    |ap_return_1   |   9|          2|   32|         64|
    |ap_return_2   |   9|          2|   16|         32|
    |cols_c_blk_n  |   9|          2|    1|          2|
    |real_start    |   9|          2|    1|          2|
    |rows_c_blk_n  |   9|          2|    1|          2|
    +--------------+----+-----------+-----+-----------+
    |Total         |  63|         14|   68|        136|
    +--------------+----+-----------+-----+-----------+

    * Register: 
    +------------------+----+----+-----+-----------+
    |       Name       | FF | LUT| Bits| Const Bits|
    +------------------+----+----+-----+-----------+
    |ap_CS_fsm         |   1|   0|    1|          0|
    |ap_done_reg       |   1|   0|    1|          0|
    |ap_return_0_preg  |  16|   0|   16|          0|
    |ap_return_1_preg  |  32|   0|   32|          0|
    |ap_return_2_preg  |  16|   0|   16|          0|
    |start_once_reg    |   1|   0|    1|          0|
    +------------------+----+----+-----+-----------+
    |Total             |  67|   0|   67|          0|
    +------------------+----+----+-----+-----------+



================================================================
== Interface
================================================================
* Summary: 
+-----------------------+-----+-----+------------+---------------------------+--------------+
|       RTL Ports       | Dir | Bits|  Protocol  |       Source Object       |    C Type    |
+-----------------------+-----+-----+------------+---------------------------+--------------+
|ap_clk                 |   in|    1|  ap_ctrl_hs|  Axi2Mat_Block_entry3_proc|  return value|
|ap_rst                 |   in|    1|  ap_ctrl_hs|  Axi2Mat_Block_entry3_proc|  return value|
|ap_start               |   in|    1|  ap_ctrl_hs|  Axi2Mat_Block_entry3_proc|  return value|
|start_full_n           |   in|    1|  ap_ctrl_hs|  Axi2Mat_Block_entry3_proc|  return value|
|ap_done                |  out|    1|  ap_ctrl_hs|  Axi2Mat_Block_entry3_proc|  return value|
|ap_continue            |   in|    1|  ap_ctrl_hs|  Axi2Mat_Block_entry3_proc|  return value|
|ap_idle                |  out|    1|  ap_ctrl_hs|  Axi2Mat_Block_entry3_proc|  return value|
|ap_ready               |  out|    1|  ap_ctrl_hs|  Axi2Mat_Block_entry3_proc|  return value|
|start_out              |  out|    1|  ap_ctrl_hs|  Axi2Mat_Block_entry3_proc|  return value|
|start_write            |  out|    1|  ap_ctrl_hs|  Axi2Mat_Block_entry3_proc|  return value|
|ap_return_0            |  out|   16|  ap_ctrl_hs|  Axi2Mat_Block_entry3_proc|  return value|
|ap_return_1            |  out|   32|  ap_ctrl_hs|  Axi2Mat_Block_entry3_proc|  return value|
|ap_return_2            |  out|   16|  ap_ctrl_hs|  Axi2Mat_Block_entry3_proc|  return value|
|stride                 |   in|   32|     ap_none|                     stride|        scalar|
|rows                   |   in|   32|     ap_none|                       rows|        scalar|
|cols                   |   in|   32|     ap_none|                       cols|        scalar|
|rows_c_din             |  out|   32|     ap_fifo|                     rows_c|       pointer|
|rows_c_num_data_valid  |   in|    3|     ap_fifo|                     rows_c|       pointer|
|rows_c_fifo_cap        |   in|    3|     ap_fifo|                     rows_c|       pointer|
|rows_c_full_n          |   in|    1|     ap_fifo|                     rows_c|       pointer|
|rows_c_write           |  out|    1|     ap_fifo|                     rows_c|       pointer|
|cols_c_din             |  out|   32|     ap_fifo|                     cols_c|       pointer|
|cols_c_num_data_valid  |   in|    3|     ap_fifo|                     cols_c|       pointer|
|cols_c_fifo_cap        |   in|    3|     ap_fifo|                     cols_c|       pointer|
|cols_c_full_n          |   in|    1|     ap_fifo|                     cols_c|       pointer|
|cols_c_write           |  out|    1|     ap_fifo|                     cols_c|       pointer|
+-----------------------+-----+-----+------------+---------------------------+--------------+

