

================================================================
== Vitis HLS Report for 'AxiStream2Axi_Pipeline_MMIterOutLoop2'
================================================================
* Date:           Wed Jun 29 08:15:38 2022

* Version:        2022.1 (Build 3526262 on Mon Apr 18 15:47:01 MDT 2022)
* Project:        pp_pipeline_accel
* Solution:       solution (Vitis Kernel Flow Target)
* Product family: zynquplus
* Target device:  xck26-sfvc784-2LV-c


================================================================
== Performance Estimates
================================================================
+ Timing: 
    * Summary: 
    +--------+---------+----------+------------+
    |  Clock |  Target | Estimated| Uncertainty|
    +--------+---------+----------+------------+
    |ap_clk  |  3.33 ns|  2.433 ns|     0.90 ns|
    +--------+---------+----------+------------+

+ Latency: 
    * Summary: 
    +---------+---------+-----------+----------+-----+--------+---------+
    |  Latency (cycles) |  Latency (absolute)  |   Interval   | Pipeline|
    |   min   |   max   |    min    |    max   | min |   max  |   Type  |
    +---------+---------+-----------+----------+-----+--------+---------+
    |        4|   194403|  13.332 ns|  0.648 ms|    4|  194403|       no|
    +---------+---------+-----------+----------+-----+--------+---------+

    + Detail: 
        * Instance: 
        N/A

        * Loop: 
        +------------------+---------+---------+----------+-----------+-----------+------------+----------+
        |                  |  Latency (cycles) | Iteration|  Initiation Interval  |    Trip    |          |
        |     Loop Name    |   min   |   max   |  Latency |  achieved |   target  |    Count   | Pipelined|
        +------------------+---------+---------+----------+-----------+-----------+------------+----------+
        |- MMIterOutLoop2  |        2|   194401|         3|          1|          1|  1 ~ 194400|       yes|
        +------------------+---------+---------+----------+-----------+-----------+------------+----------+



================================================================
== Utilization Estimates
================================================================
* Summary: 
+-----------------+---------+------+--------+--------+-----+
|       Name      | BRAM_18K|  DSP |   FF   |   LUT  | URAM|
+-----------------+---------+------+--------+--------+-----+
|DSP              |        -|     -|       -|       -|    -|
|Expression       |        -|     -|       0|      48|    -|
|FIFO             |        -|     -|       -|       -|    -|
|Instance         |        -|     -|       -|       -|    -|
|Memory           |        -|     -|       -|       -|    -|
|Multiplexer      |        -|     -|       -|      54|    -|
|Register         |        -|     -|      89|       -|    -|
+-----------------+---------+------+--------+--------+-----+
|Total            |        0|     0|      89|     102|    0|
+-----------------+---------+------+--------+--------+-----+
|Available        |      288|  1248|  234240|  117120|   64|
+-----------------+---------+------+--------+--------+-----+
|Utilization (%)  |        0|     0|      ~0|      ~0|    0|
+-----------------+---------+------+--------+--------+-----+

+ Detail: 
    * Instance: 
    N/A

    * DSP: 
    N/A

    * Memory: 
    N/A

    * FIFO: 
    N/A

    * Expression: 
    +----------------------------------+----------+----+---+----+------------+------------+
    |           Variable Name          | Operation| DSP| FF| LUT| Bitwidth P0| Bitwidth P1|
    +----------------------------------+----------+----+---+----+------------+------------+
    |i_V_2_fu_106_p2                   |         +|   0|  0|  26|          19|           1|
    |ap_block_pp0_stage0_01001         |       and|   0|  0|   2|           1|           1|
    |ap_block_state2_pp0_stage0_iter1  |       and|   0|  0|   2|           1|           1|
    |icmp_ln1387_fu_100_p2             |      icmp|   0|  0|  14|          19|          19|
    |ap_block_pp0_stage0_11001         |        or|   0|  0|   2|           1|           1|
    |ap_enable_pp0                     |       xor|   0|  0|   2|           1|           2|
    +----------------------------------+----------+----+---+----+------------+------------+
    |Total                             |          |   0|  0|  48|          42|          25|
    +----------------------------------+----------+----+---+----+------------+------------+

    * Multiplexer: 
    +-------------------------+----+-----------+-----+-----------+
    |           Name          | LUT| Input Size| Bits| Total Bits|
    +-------------------------+----+-----------+-----+-----------+
    |ap_done_int              |   9|          2|    1|          2|
    |ap_enable_reg_pp0_iter2  |   9|          2|    1|          2|
    |ap_sig_allocacmp_i_V_1   |   9|          2|   19|         38|
    |gmem3_blk_n_W            |   9|          2|    1|          2|
    |i_V_fu_58                |   9|          2|   19|         38|
    |ldata1_blk_n             |   9|          2|    1|          2|
    +-------------------------+----+-----------+-----+-----------+
    |Total                    |  54|         12|   42|         84|
    +-------------------------+----+-----------+-----+-----------+

    * Register: 
    +----------------------------------+----+----+-----+-----------+
    |               Name               | FF | LUT| Bits| Const Bits|
    +----------------------------------+----+----+-----+-----------+
    |ap_CS_fsm                         |   1|   0|    1|          0|
    |ap_done_reg                       |   1|   0|    1|          0|
    |ap_enable_reg_pp0_iter1           |   1|   0|    1|          0|
    |ap_enable_reg_pp0_iter2           |   1|   0|    1|          0|
    |ap_loop_exit_ready_pp0_iter1_reg  |   1|   0|    1|          0|
    |i_V_fu_58                         |  19|   0|   19|          0|
    |icmp_ln1387_reg_134               |   1|   0|    1|          0|
    |tmp_reg_143                       |  64|   0|   64|          0|
    +----------------------------------+----+----+-----+-----------+
    |Total                             |  89|   0|   89|          0|
    +----------------------------------+----+----+-----+-----------+



================================================================
== Interface
================================================================
* Summary: 
+-----------------------+-----+-----+------------+---------------------------------------+--------------+
|       RTL Ports       | Dir | Bits|  Protocol  |             Source Object             |    C Type    |
+-----------------------+-----+-----+------------+---------------------------------------+--------------+
|ap_clk                 |   in|    1|  ap_ctrl_hs|  AxiStream2Axi_Pipeline_MMIterOutLoop2|  return value|
|ap_rst                 |   in|    1|  ap_ctrl_hs|  AxiStream2Axi_Pipeline_MMIterOutLoop2|  return value|
|ap_start               |   in|    1|  ap_ctrl_hs|  AxiStream2Axi_Pipeline_MMIterOutLoop2|  return value|
|ap_done                |  out|    1|  ap_ctrl_hs|  AxiStream2Axi_Pipeline_MMIterOutLoop2|  return value|
|ap_idle                |  out|    1|  ap_ctrl_hs|  AxiStream2Axi_Pipeline_MMIterOutLoop2|  return value|
|ap_ready               |  out|    1|  ap_ctrl_hs|  AxiStream2Axi_Pipeline_MMIterOutLoop2|  return value|
|ldata1_dout            |   in|   64|     ap_fifo|                                 ldata1|       pointer|
|ldata1_num_data_valid  |   in|    2|     ap_fifo|                                 ldata1|       pointer|
|ldata1_fifo_cap        |   in|    2|     ap_fifo|                                 ldata1|       pointer|
|ldata1_empty_n         |   in|    1|     ap_fifo|                                 ldata1|       pointer|
|ldata1_read            |  out|    1|     ap_fifo|                                 ldata1|       pointer|
|m_axi_gmem3_AWVALID    |  out|    1|       m_axi|                                  gmem3|       pointer|
|m_axi_gmem3_AWREADY    |   in|    1|       m_axi|                                  gmem3|       pointer|
|m_axi_gmem3_AWADDR     |  out|   64|       m_axi|                                  gmem3|       pointer|
|m_axi_gmem3_AWID       |  out|    1|       m_axi|                                  gmem3|       pointer|
|m_axi_gmem3_AWLEN      |  out|   32|       m_axi|                                  gmem3|       pointer|
|m_axi_gmem3_AWSIZE     |  out|    3|       m_axi|                                  gmem3|       pointer|
|m_axi_gmem3_AWBURST    |  out|    2|       m_axi|                                  gmem3|       pointer|
|m_axi_gmem3_AWLOCK     |  out|    2|       m_axi|                                  gmem3|       pointer|
|m_axi_gmem3_AWCACHE    |  out|    4|       m_axi|                                  gmem3|       pointer|
|m_axi_gmem3_AWPROT     |  out|    3|       m_axi|                                  gmem3|       pointer|
|m_axi_gmem3_AWQOS      |  out|    4|       m_axi|                                  gmem3|       pointer|
|m_axi_gmem3_AWREGION   |  out|    4|       m_axi|                                  gmem3|       pointer|
|m_axi_gmem3_AWUSER     |  out|    1|       m_axi|                                  gmem3|       pointer|
|m_axi_gmem3_WVALID     |  out|    1|       m_axi|                                  gmem3|       pointer|
|m_axi_gmem3_WREADY     |   in|    1|       m_axi|                                  gmem3|       pointer|
|m_axi_gmem3_WDATA      |  out|   64|       m_axi|                                  gmem3|       pointer|
|m_axi_gmem3_WSTRB      |  out|    8|       m_axi|                                  gmem3|       pointer|
|m_axi_gmem3_WLAST      |  out|    1|       m_axi|                                  gmem3|       pointer|
|m_axi_gmem3_WID        |  out|    1|       m_axi|                                  gmem3|       pointer|
|m_axi_gmem3_WUSER      |  out|    1|       m_axi|                                  gmem3|       pointer|
|m_axi_gmem3_ARVALID    |  out|    1|       m_axi|                                  gmem3|       pointer|
|m_axi_gmem3_ARREADY    |   in|    1|       m_axi|                                  gmem3|       pointer|
|m_axi_gmem3_ARADDR     |  out|   64|       m_axi|                                  gmem3|       pointer|
|m_axi_gmem3_ARID       |  out|    1|       m_axi|                                  gmem3|       pointer|
|m_axi_gmem3_ARLEN      |  out|   32|       m_axi|                                  gmem3|       pointer|
|m_axi_gmem3_ARSIZE     |  out|    3|       m_axi|                                  gmem3|       pointer|
|m_axi_gmem3_ARBURST    |  out|    2|       m_axi|                                  gmem3|       pointer|
|m_axi_gmem3_ARLOCK     |  out|    2|       m_axi|                                  gmem3|       pointer|
|m_axi_gmem3_ARCACHE    |  out|    4|       m_axi|                                  gmem3|       pointer|
|m_axi_gmem3_ARPROT     |  out|    3|       m_axi|                                  gmem3|       pointer|
|m_axi_gmem3_ARQOS      |  out|    4|       m_axi|                                  gmem3|       pointer|
|m_axi_gmem3_ARREGION   |  out|    4|       m_axi|                                  gmem3|       pointer|
|m_axi_gmem3_ARUSER     |  out|    1|       m_axi|                                  gmem3|       pointer|
|m_axi_gmem3_RVALID     |   in|    1|       m_axi|                                  gmem3|       pointer|
|m_axi_gmem3_RREADY     |  out|    1|       m_axi|                                  gmem3|       pointer|
|m_axi_gmem3_RDATA      |   in|   64|       m_axi|                                  gmem3|       pointer|
|m_axi_gmem3_RLAST      |   in|    1|       m_axi|                                  gmem3|       pointer|
|m_axi_gmem3_RID        |   in|    1|       m_axi|                                  gmem3|       pointer|
|m_axi_gmem3_RFIFONUM   |   in|    9|       m_axi|                                  gmem3|       pointer|
|m_axi_gmem3_RUSER      |   in|    1|       m_axi|                                  gmem3|       pointer|
|m_axi_gmem3_RRESP      |   in|    2|       m_axi|                                  gmem3|       pointer|
|m_axi_gmem3_BVALID     |   in|    1|       m_axi|                                  gmem3|       pointer|
|m_axi_gmem3_BREADY     |  out|    1|       m_axi|                                  gmem3|       pointer|
|m_axi_gmem3_BRESP      |   in|    2|       m_axi|                                  gmem3|       pointer|
|m_axi_gmem3_BID        |   in|    1|       m_axi|                                  gmem3|       pointer|
|m_axi_gmem3_BUSER      |   in|    1|       m_axi|                                  gmem3|       pointer|
|sext_ln1387            |   in|   61|     ap_none|                            sext_ln1387|        scalar|
|p_read                 |   in|   19|     ap_none|                                 p_read|        scalar|
+-----------------------+-----+-----+------------+---------------------------------------+--------------+

