

================================================================
== Vitis HLS Report for 'AxiStream2Axi'
================================================================
* Date:           Mon Jun 27 00:45:18 2022

* Version:        2022.1 (Build 3526262 on Mon Apr 18 15:47:01 MDT 2022)
* Project:        pp_pipeline_accel
* Solution:       solution (Vitis Kernel Flow Target)
* Product family: zynquplus
* Target device:  xck26-sfvc784-2LVI-i


================================================================
== Performance Estimates
================================================================
+ Timing: 
    * Summary: 
    +--------+----------+----------+------------+
    |  Clock |  Target  | Estimated| Uncertainty|
    +--------+----------+----------+------------+
    |ap_clk  |  10.00 ns|  7.300 ns|     2.70 ns|
    +--------+----------+----------+------------+

+ Latency: 
    * Summary: 
    +---------+---------+-----------+----------+-----+--------+---------+
    |  Latency (cycles) |  Latency (absolute)  |   Interval   | Pipeline|
    |   min   |   max   |    min    |    max   | min |   max  |   Type  |
    +---------+---------+-----------+----------+-----+--------+---------+
    |        1|   194474|  10.000 ns|  1.945 ms|    1|  194474|       no|
    +---------+---------+-----------+----------+-----+--------+---------+

    + Detail: 
        * Instance: 
        +-------------------------------------------------+---------------------------------------+---------+---------+-----------+----------+-----+--------+---------+
        |                                                 |                                       |  Latency (cycles) |  Latency (absolute)  |   Interval   | Pipeline|
        |                     Instance                    |                 Module                |   min   |   max   |    min    |    max   | min |   max  |   Type  |
        +-------------------------------------------------+---------------------------------------+---------+---------+-----------+----------+-----+--------+---------+
        |grp_AxiStream2Axi_Pipeline_MMIterOutLoop2_fu_75  |AxiStream2Axi_Pipeline_MMIterOutLoop2  |        4|   194403|  40.000 ns|  1.944 ms|    4|  194403|       no|
        +-------------------------------------------------+---------------------------------------+---------+---------+-----------+----------+-----+--------+---------+

        * Loop: 
        N/A



================================================================
== Utilization Estimates
================================================================
* Summary: 
+-----------------+---------+------+--------+--------+-----+
|       Name      | BRAM_18K|  DSP |   FF   |   LUT  | URAM|
+-----------------+---------+------+--------+--------+-----+
|DSP              |        -|     -|       -|       -|    -|
|Expression       |        -|     -|       0|      18|    -|
|FIFO             |        -|     -|       -|       -|    -|
|Instance         |        -|     -|      89|     102|    -|
|Memory           |        -|     -|       -|       -|    -|
|Multiplexer      |        -|     -|       -|     568|    -|
|Register         |        -|     -|     136|       -|    -|
+-----------------+---------+------+--------+--------+-----+
|Total            |        0|     0|     225|     688|    0|
+-----------------+---------+------+--------+--------+-----+
|Available        |      288|  1248|  234240|  117120|   64|
+-----------------+---------+------+--------+--------+-----+
|Utilization (%)  |        0|     0|      ~0|      ~0|    0|
+-----------------+---------+------+--------+--------+-----+

+ Detail: 
    * Instance: 
    +-------------------------------------------------+---------------------------------------+---------+----+----+-----+-----+
    |                     Instance                    |                 Module                | BRAM_18K| DSP| FF | LUT | URAM|
    +-------------------------------------------------+---------------------------------------+---------+----+----+-----+-----+
    |grp_AxiStream2Axi_Pipeline_MMIterOutLoop2_fu_75  |AxiStream2Axi_Pipeline_MMIterOutLoop2  |        0|   0|  89|  102|    0|
    +-------------------------------------------------+---------------------------------------+---------+----+----+-----+-----+
    |Total                                            |                                       |        0|   0|  89|  102|    0|
    +-------------------------------------------------+---------------------------------------+---------+----+----+-----+-----+

    * DSP: 
    N/A

    * Memory: 
    N/A

    * FIFO: 
    N/A

    * Expression: 
    +----------------------+----------+----+---+----+------------+------------+
    |     Variable Name    | Operation| DSP| FF| LUT| Bitwidth P0| Bitwidth P1|
    +----------------------+----------+----+---+----+------------+------------+
    |ap_block_state72      |       and|   0|  0|   2|           1|           1|
    |icmp_ln1073_fu_85_p2  |      icmp|   0|  0|  14|          19|           1|
    |ap_block_state1       |        or|   0|  0|   2|           1|           1|
    +----------------------+----------+----+---+----+------------+------------+
    |Total                 |          |   0|  0|  18|          21|           3|
    +----------------------+----------+----+---+----+------------+------------+

    * Multiplexer: 
    +----------------------+-----+-----------+-----+-----------+
    |         Name         | LUT | Input Size| Bits| Total Bits|
    +----------------------+-----+-----------+-----+-----------+
    |ap_NS_fsm             |  377|         73|    1|         73|
    |ap_done               |    9|          2|    1|          2|
    |dout_blk_n            |    9|          2|    1|          2|
    |gmem3_blk_n_AW        |    9|          2|    1|          2|
    |gmem3_blk_n_B         |    9|          2|    1|          2|
    |ldata1_read           |    9|          2|    1|          2|
    |m_axi_gmem3_AWADDR    |   14|          3|   64|        192|
    |m_axi_gmem3_AWBURST   |    9|          2|    2|          4|
    |m_axi_gmem3_AWCACHE   |    9|          2|    4|          8|
    |m_axi_gmem3_AWID      |    9|          2|    1|          2|
    |m_axi_gmem3_AWLEN     |   14|          3|   32|         96|
    |m_axi_gmem3_AWLOCK    |    9|          2|    2|          4|
    |m_axi_gmem3_AWPROT    |    9|          2|    3|          6|
    |m_axi_gmem3_AWQOS     |    9|          2|    4|          8|
    |m_axi_gmem3_AWREGION  |    9|          2|    4|          8|
    |m_axi_gmem3_AWSIZE    |    9|          2|    3|          6|
    |m_axi_gmem3_AWUSER    |    9|          2|    1|          2|
    |m_axi_gmem3_AWVALID   |   14|          3|    1|          3|
    |m_axi_gmem3_BREADY    |   14|          3|    1|          3|
    |m_axi_gmem3_WVALID    |    9|          2|    1|          2|
    +----------------------+-----+-----------+-----+-----------+
    |Total                 |  568|        115|  129|        427|
    +----------------------+-----+-----------+-----+-----------+

    * Register: 
    +--------------------------------------------------------------+----+----+-----+-----------+
    |                             Name                             | FF | LUT| Bits| Const Bits|
    +--------------------------------------------------------------+----+----+-----+-----------+
    |ap_CS_fsm                                                     |  72|   0|   72|          0|
    |ap_done_reg                                                   |   1|   0|    1|          0|
    |grp_AxiStream2Axi_Pipeline_MMIterOutLoop2_fu_75_ap_start_reg  |   1|   0|    1|          0|
    |icmp_ln1073_reg_121                                           |   1|   0|    1|          0|
    |trunc_ln_reg_125                                              |  61|   0|   61|          0|
    +--------------------------------------------------------------+----+----+-----+-----------+
    |Total                                                         | 136|   0|  136|          0|
    +--------------------------------------------------------------+----+----+-----+-----------+



================================================================
== Interface
================================================================
* Summary: 
+-----------------------+-----+-----+------------+---------------+--------------+
|       RTL Ports       | Dir | Bits|  Protocol  | Source Object |    C Type    |
+-----------------------+-----+-----+------------+---------------+--------------+
|ap_clk                 |   in|    1|  ap_ctrl_hs|  AxiStream2Axi|  return value|
|ap_rst                 |   in|    1|  ap_ctrl_hs|  AxiStream2Axi|  return value|
|ap_start               |   in|    1|  ap_ctrl_hs|  AxiStream2Axi|  return value|
|ap_done                |  out|    1|  ap_ctrl_hs|  AxiStream2Axi|  return value|
|ap_continue            |   in|    1|  ap_ctrl_hs|  AxiStream2Axi|  return value|
|ap_idle                |  out|    1|  ap_ctrl_hs|  AxiStream2Axi|  return value|
|ap_ready               |  out|    1|  ap_ctrl_hs|  AxiStream2Axi|  return value|
|ldata1_dout            |   in|   64|     ap_fifo|         ldata1|       pointer|
|ldata1_num_data_valid  |   in|    2|     ap_fifo|         ldata1|       pointer|
|ldata1_fifo_cap        |   in|    2|     ap_fifo|         ldata1|       pointer|
|ldata1_empty_n         |   in|    1|     ap_fifo|         ldata1|       pointer|
|ldata1_read            |  out|    1|     ap_fifo|         ldata1|       pointer|
|m_axi_gmem3_AWVALID    |  out|    1|       m_axi|          gmem3|       pointer|
|m_axi_gmem3_AWREADY    |   in|    1|       m_axi|          gmem3|       pointer|
|m_axi_gmem3_AWADDR     |  out|   64|       m_axi|          gmem3|       pointer|
|m_axi_gmem3_AWID       |  out|    1|       m_axi|          gmem3|       pointer|
|m_axi_gmem3_AWLEN      |  out|   32|       m_axi|          gmem3|       pointer|
|m_axi_gmem3_AWSIZE     |  out|    3|       m_axi|          gmem3|       pointer|
|m_axi_gmem3_AWBURST    |  out|    2|       m_axi|          gmem3|       pointer|
|m_axi_gmem3_AWLOCK     |  out|    2|       m_axi|          gmem3|       pointer|
|m_axi_gmem3_AWCACHE    |  out|    4|       m_axi|          gmem3|       pointer|
|m_axi_gmem3_AWPROT     |  out|    3|       m_axi|          gmem3|       pointer|
|m_axi_gmem3_AWQOS      |  out|    4|       m_axi|          gmem3|       pointer|
|m_axi_gmem3_AWREGION   |  out|    4|       m_axi|          gmem3|       pointer|
|m_axi_gmem3_AWUSER     |  out|    1|       m_axi|          gmem3|       pointer|
|m_axi_gmem3_WVALID     |  out|    1|       m_axi|          gmem3|       pointer|
|m_axi_gmem3_WREADY     |   in|    1|       m_axi|          gmem3|       pointer|
|m_axi_gmem3_WDATA      |  out|   64|       m_axi|          gmem3|       pointer|
|m_axi_gmem3_WSTRB      |  out|    8|       m_axi|          gmem3|       pointer|
|m_axi_gmem3_WLAST      |  out|    1|       m_axi|          gmem3|       pointer|
|m_axi_gmem3_WID        |  out|    1|       m_axi|          gmem3|       pointer|
|m_axi_gmem3_WUSER      |  out|    1|       m_axi|          gmem3|       pointer|
|m_axi_gmem3_ARVALID    |  out|    1|       m_axi|          gmem3|       pointer|
|m_axi_gmem3_ARREADY    |   in|    1|       m_axi|          gmem3|       pointer|
|m_axi_gmem3_ARADDR     |  out|   64|       m_axi|          gmem3|       pointer|
|m_axi_gmem3_ARID       |  out|    1|       m_axi|          gmem3|       pointer|
|m_axi_gmem3_ARLEN      |  out|   32|       m_axi|          gmem3|       pointer|
|m_axi_gmem3_ARSIZE     |  out|    3|       m_axi|          gmem3|       pointer|
|m_axi_gmem3_ARBURST    |  out|    2|       m_axi|          gmem3|       pointer|
|m_axi_gmem3_ARLOCK     |  out|    2|       m_axi|          gmem3|       pointer|
|m_axi_gmem3_ARCACHE    |  out|    4|       m_axi|          gmem3|       pointer|
|m_axi_gmem3_ARPROT     |  out|    3|       m_axi|          gmem3|       pointer|
|m_axi_gmem3_ARQOS      |  out|    4|       m_axi|          gmem3|       pointer|
|m_axi_gmem3_ARREGION   |  out|    4|       m_axi|          gmem3|       pointer|
|m_axi_gmem3_ARUSER     |  out|    1|       m_axi|          gmem3|       pointer|
|m_axi_gmem3_RVALID     |   in|    1|       m_axi|          gmem3|       pointer|
|m_axi_gmem3_RREADY     |  out|    1|       m_axi|          gmem3|       pointer|
|m_axi_gmem3_RDATA      |   in|   64|       m_axi|          gmem3|       pointer|
|m_axi_gmem3_RLAST      |   in|    1|       m_axi|          gmem3|       pointer|
|m_axi_gmem3_RID        |   in|    1|       m_axi|          gmem3|       pointer|
|m_axi_gmem3_RFIFONUM   |   in|    9|       m_axi|          gmem3|       pointer|
|m_axi_gmem3_RUSER      |   in|    1|       m_axi|          gmem3|       pointer|
|m_axi_gmem3_RRESP      |   in|    2|       m_axi|          gmem3|       pointer|
|m_axi_gmem3_BVALID     |   in|    1|       m_axi|          gmem3|       pointer|
|m_axi_gmem3_BREADY     |  out|    1|       m_axi|          gmem3|       pointer|
|m_axi_gmem3_BRESP      |   in|    2|       m_axi|          gmem3|       pointer|
|m_axi_gmem3_BID        |   in|    1|       m_axi|          gmem3|       pointer|
|m_axi_gmem3_BUSER      |   in|    1|       m_axi|          gmem3|       pointer|
|dout_dout              |   in|   64|     ap_fifo|           dout|       pointer|
|dout_num_data_valid    |   in|    4|     ap_fifo|           dout|       pointer|
|dout_fifo_cap          |   in|    4|     ap_fifo|           dout|       pointer|
|dout_empty_n           |   in|    1|     ap_fifo|           dout|       pointer|
|dout_read              |  out|    1|     ap_fifo|           dout|       pointer|
|p_read                 |   in|   19|     ap_none|         p_read|        scalar|
+-----------------------+-----+-----+------------+---------------+--------------+

