

================================================================
== Vitis HLS Report for 'AxiStream2MatStream_2_1_Pipeline_MMIterInLoopRow'
================================================================
* Date:           Wed Jun 29 08:15:24 2022

* Version:        2022.1 (Build 3526262 on Mon Apr 18 15:47:01 MDT 2022)
* Project:        pp_pipeline_accel
* Solution:       solution (Vitis Kernel Flow Target)
* Product family: zynquplus
* Target device:  xck26-sfvc784-2LV-c


================================================================
== Performance Estimates
================================================================
+ Timing: 
    * Summary: 
    +--------+---------+----------+------------+
    |  Clock |  Target | Estimated| Uncertainty|
    +--------+---------+----------+------------+
    |ap_clk  |  3.33 ns|  2.309 ns|     0.90 ns|
    +--------+---------+----------+------------+

+ Latency: 
    * Summary: 
    +---------+---------+-----------+-----------+-----+---------+---------+
    |  Latency (cycles) |   Latency (absolute)  |    Interval   | Pipeline|
    |   min   |   max   |    min    |    max    | min |   max   |   Type  |
    +---------+---------+-----------+-----------+-----+---------+---------+
    |        6|  8294405|  19.998 ns|  27.645 ms|    6|  8294405|       no|
    +---------+---------+-----------+-----------+-----+---------+---------+

    + Detail: 
        * Instance: 
        N/A

        * Loop: 
        +-------------------+---------+---------+----------+-----------+-----------+-------------+----------+
        |                   |  Latency (cycles) | Iteration|  Initiation Interval  |     Trip    |          |
        |     Loop Name     |   min   |   max   |  Latency |  achieved |   target  |    Count    | Pipelined|
        +-------------------+---------+---------+----------+-----------+-----------+-------------+----------+
        |- MMIterInLoopRow  |        4|  8294403|         5|          1|          1|  1 ~ 8294400|       yes|
        +-------------------+---------+---------+----------+-----------+-----------+-------------+----------+



================================================================
== Utilization Estimates
================================================================
* Summary: 
+-----------------+---------+------+--------+--------+-----+
|       Name      | BRAM_18K|  DSP |   FF   |   LUT  | URAM|
+-----------------+---------+------+--------+--------+-----+
|DSP              |        -|     -|       -|       -|    -|
|Expression       |        -|     -|       0|    2062|    -|
|FIFO             |        -|     -|       -|       -|    -|
|Instance         |        -|     -|       -|       -|    -|
|Memory           |        -|     -|       -|       -|    -|
|Multiplexer      |        -|     -|       -|     100|    -|
|Register         |        -|     -|     685|     128|    -|
+-----------------+---------+------+--------+--------+-----+
|Total            |        0|     0|     685|    2290|    0|
+-----------------+---------+------+--------+--------+-----+
|Available        |      288|  1248|  234240|  117120|   64|
+-----------------+---------+------+--------+--------+-----+
|Utilization (%)  |        0|     0|      ~0|       1|    0|
+-----------------+---------+------+--------+--------+-----+

+ Detail: 
    * Instance: 
    N/A

    * DSP: 
    N/A

    * Memory: 
    N/A

    * FIFO: 
    N/A

    * Expression: 
    +----------------------------------+----------+----+---+-----+------------+------------+
    |           Variable Name          | Operation| DSP| FF| LUT | Bitwidth P0| Bitwidth P1|
    +----------------------------------+----------+----+---+-----+------------+------------+
    |add_ln1062_fu_222_p2              |         +|   0|  0|   38|          31|           1|
    |add_ln1079_fu_376_p2              |         +|   0|  0|   12|           5|           2|
    |add_ln1094_fu_247_p2              |         +|   0|  0|   39|          32|           1|
    |add_ln674_2_fu_400_p2             |         +|   0|  0|   16|           7|           6|
    |add_ln674_fu_503_p2               |         +|   0|  0|   14|           7|           7|
    |rem_4_fu_420_p2                   |         +|   0|  0|   39|          32|          32|
    |grp_fu_180_p2                     |         -|   0|  0|   39|           7|          32|
    |grp_fu_185_p2                     |         -|   0|  0|   14|           6|           7|
    |rem_5_fu_335_p2                   |         -|   0|  0|   39|          32|          32|
    |sub_ln1082_fu_315_p2              |         -|   0|  0|   39|          32|          32|
    |sub_ln414_3_fu_563_p2             |         -|   0|  0|   12|           3|           4|
    |sub_ln414_4_fu_579_p2             |         -|   0|  0|   12|           3|           4|
    |sub_ln414_fu_636_p2               |         -|   0|  0|   12|           5|           4|
    |sub_ln674_10_fu_528_p2            |         -|   0|  0|   14|           6|           7|
    |sub_ln674_11_fu_394_p2            |         -|   0|  0|   16|           7|           7|
    |sub_ln674_12_fu_444_p2            |         -|   0|  0|   14|           7|           7|
    |sub_ln674_13_fu_448_p2            |         -|   0|  0|   14|           6|           7|
    |sub_ln674_14_fu_453_p2            |         -|   0|  0|   14|           7|           7|
    |sub_ln674_15_fu_477_p2            |         -|   0|  0|   14|           6|           7|
    |sub_ln674_16_fu_736_p2            |         -|   0|  0|   12|           3|           4|
    |and_ln414_3_fu_715_p2             |       and|   0|  0|    8|           8|           8|
    |and_ln414_4_fu_721_p2             |       and|   0|  0|    8|           8|           8|
    |and_ln414_fu_703_p2               |       and|   0|  0|    8|           8|           8|
    |ap_block_state4_pp0_stage0_iter3  |       and|   0|  0|    2|           1|           1|
    |ap_block_state6_pp0_stage0_iter5  |       and|   0|  0|    2|           1|           1|
    |ap_condition_728                  |       and|   0|  0|    2|           1|           1|
    |ap_condition_732                  |       and|   0|  0|    2|           1|           1|
    |ap_condition_735                  |       and|   0|  0|    2|           1|           1|
    |ap_predicate_op100_read_state4    |       and|   0|  0|    2|           1|           1|
    |imgInput_y_data81_din             |       and|   0|  0|    8|           8|           8|
    |p_Result_17_fu_651_p2             |       and|   0|  0|    8|           8|           8|
    |p_Result_18_fu_553_p2             |       and|   0|  0|   64|          64|          64|
    |p_Result_20_fu_609_p2             |       and|   0|  0|   64|          64|          64|
    |p_Result_s_fu_627_p2              |       and|   0|  0|   64|          64|          64|
    |bLast_width_fu_231_p2             |      icmp|   0|  0|   20|          32|          32|
    |icmp_ln1062_fu_217_p2             |      icmp|   0|  0|   20|          32|          32|
    |icmp_ln1073_fu_299_p2             |      icmp|   0|  0|   20|          32|          32|
    |icmp_ln1074_fu_346_p2             |      icmp|   0|  0|   20|          32|           1|
    |icmp_ln1093_fu_239_p2             |      icmp|   0|  0|   20|          32|          32|
    |icmp_ln414_fu_406_p2              |      icmp|   0|  0|   20|          32|          32|
    |icmp_ln674_2_fu_321_p2            |      icmp|   0|  0|   20|          32|          32|
    |icmp_ln674_fu_366_p2              |      icmp|   0|  0|   17|          26|           1|
    |lshr_ln414_2_fu_697_p2            |      lshr|   0|  0|   16|           2|           8|
    |lshr_ln414_fu_645_p2              |      lshr|   0|  0|   16|           2|           8|
    |lshr_ln674_10_fu_745_p2           |      lshr|   0|  0|   16|           2|           8|
    |lshr_ln674_6_fu_621_p2            |      lshr|   0|  0|  179|           2|          64|
    |lshr_ln674_7_fu_547_p2            |      lshr|   0|  0|  179|           2|          64|
    |lshr_ln674_8_fu_487_p2            |      lshr|   0|  0|  179|          64|          64|
    |lshr_ln674_9_fu_603_p2            |      lshr|   0|  0|  179|           2|          64|
    |lshr_ln674_fu_538_p2              |      lshr|   0|  0|  179|          64|          64|
    |ap_block_pp0_stage0_01001         |        or|   0|  0|    2|           1|           1|
    |p_Result_19_fu_727_p2             |        or|   0|  0|    8|           8|           8|
    |j_5_fu_253_p3                     |    select|   0|  0|   32|           1|           1|
    |localbuffer_V_fu_657_p3           |    select|   0|  0|    8|           1|           1|
    |ptr_width_minus_fu_289_p3         |    select|   0|  0|    7|           1|           7|
    |select_ln1067_fu_751_p3           |    select|   0|  0|    8|           1|           8|
    |select_ln1082_fu_305_p3           |    select|   0|  0|    7|           1|           7|
    |select_ln414_4_fu_664_p3          |    select|   0|  0|    4|           1|           4|
    |select_ln414_5_fu_573_p3          |    select|   0|  0|    4|           1|           4|
    |select_ln414_6_fu_685_p3          |    select|   0|  0|    8|           1|           8|
    |select_ln414_fu_568_p3            |    select|   0|  0|    4|           1|           4|
    |select_ln674_10_fu_471_p3         |    select|   0|  0|    7|           1|           7|
    |select_ln674_6_fu_515_p3          |    select|   0|  0|   64|           1|          64|
    |select_ln674_7_fu_522_p3          |    select|   0|  0|    7|           1|           7|
    |select_ln674_8_fu_457_p3          |    select|   0|  0|    7|           1|           7|
    |select_ln674_9_fu_464_p3          |    select|   0|  0|   64|           1|          64|
    |select_ln674_fu_508_p3            |    select|   0|  0|    7|           1|           7|
    |xf_bits_per_clock_fu_275_p3       |    select|   0|  0|    5|           1|           4|
    |shl_ln414_2_fu_691_p2             |       shl|   0|  0|   16|           2|           8|
    |shl_ln414_fu_589_p2               |       shl|   0|  0|   16|           8|           8|
    |ap_enable_pp0                     |       xor|   0|  0|    2|           1|           2|
    |xor_ln414_fu_709_p2               |       xor|   0|  0|    8|           2|           8|
    +----------------------------------+----------+----+---+-----+------------+------------+
    |Total                             |          |   0|  0| 2062|         910|        1225|
    +----------------------------------+----------+----+---+-----+------------+------------+

    * Multiplexer: 
    +-----------------------------------------------+----+-----------+-----+-----------+
    |                      Name                     | LUT| Input Size| Bits| Total Bits|
    +-----------------------------------------------+----+-----------+-----+-----------+
    |ap_done_int                                    |   9|          2|    1|          2|
    |ap_enable_reg_pp0_iter1                        |   9|          2|    1|          2|
    |ap_enable_reg_pp0_iter2                        |   9|          2|    1|          2|
    |ap_phi_reg_pp0_iter5_localbuffer_V_13_reg_171  |  14|          3|    8|         24|
    |i_fu_104                                       |   9|          2|   31|         62|
    |imgInput_y_data81_blk_n                        |   9|          2|    1|          2|
    |j_fu_108                                       |   9|          2|   32|         64|
    |ldata1_blk_n                                   |   9|          2|    1|          2|
    |p_Val2_s_fu_112                                |   9|          2|   64|        128|
    |rem_fu_100                                     |  14|          3|   32|         96|
    +-----------------------------------------------+----+-----------+-----+-----------+
    |Total                                          | 100|         22|  172|        384|
    +-----------------------------------------------+----+-----------+-----+-----------+

    * Register: 
    +-----------------------------------------------+----+----+-----+-----------+
    |                      Name                     | FF | LUT| Bits| Const Bits|
    +-----------------------------------------------+----+----+-----+-----------+
    |add_ln674_2_reg_896                            |   7|   0|    7|          0|
    |ap_CS_fsm                                      |   1|   0|    1|          0|
    |ap_done_reg                                    |   1|   0|    1|          0|
    |ap_enable_reg_pp0_iter1                        |   1|   0|    1|          0|
    |ap_enable_reg_pp0_iter2                        |   1|   0|    1|          0|
    |ap_enable_reg_pp0_iter3                        |   1|   0|    1|          0|
    |ap_enable_reg_pp0_iter4                        |   1|   0|    1|          0|
    |ap_enable_reg_pp0_iter5                        |   1|   0|    1|          0|
    |ap_loop_exit_ready_pp0_iter2_reg               |   1|   0|    1|          0|
    |ap_loop_exit_ready_pp0_iter3_reg               |   1|   0|    1|          0|
    |ap_loop_exit_ready_pp0_iter4_reg               |   1|   0|    1|          0|
    |ap_phi_reg_pp0_iter1_localbuffer_V_13_reg_171  |   8|   0|    8|          0|
    |ap_phi_reg_pp0_iter2_localbuffer_V_13_reg_171  |   8|   0|    8|          0|
    |ap_phi_reg_pp0_iter3_localbuffer_V_13_reg_171  |   8|   0|    8|          0|
    |ap_phi_reg_pp0_iter4_localbuffer_V_13_reg_171  |   8|   0|    8|          0|
    |ap_phi_reg_pp0_iter5_localbuffer_V_13_reg_171  |   8|   0|    8|          0|
    |bLast_width_reg_835                            |   1|   0|    1|          0|
    |i_fu_104                                       |  31|   0|   31|          0|
    |icmp_ln1062_reg_831                            |   1|   0|    1|          0|
    |icmp_ln1073_reg_847                            |   1|   0|    1|          0|
    |icmp_ln1074_reg_872                            |   1|   0|    1|          0|
    |icmp_ln1074_reg_872_pp0_iter3_reg              |   1|   0|    1|          0|
    |icmp_ln1093_reg_843                            |   1|   0|    1|          0|
    |icmp_ln414_reg_901                             |   1|   0|    1|          0|
    |icmp_ln414_reg_901_pp0_iter3_reg               |   1|   0|    1|          0|
    |icmp_ln674_2_reg_851                           |   1|   0|    1|          0|
    |icmp_ln674_reg_882                             |   1|   0|    1|          0|
    |j_fu_108                                       |  32|   0|   32|          0|
    |lshr_ln674_8_reg_928                           |  64|   0|   64|          0|
    |lshr_ln674_reg_938                             |  64|   0|   64|          0|
    |p_Val2_s_fu_112                                |  64|   0|   64|          0|
    |rem_fu_100                                     |  32|   0|   32|          0|
    |shl_ln414_reg_948                              |   8|   0|    8|          0|
    |sub_ln414_4_reg_943                            |   4|   0|    4|          0|
    |sub_ln674_10_reg_933                           |   7|   0|    7|          0|
    |sub_ln674_15_reg_923                           |   7|   0|    7|          0|
    |sub_ln674_16_reg_964                           |   4|   0|    4|          0|
    |trunc_ln1075_reg_877                           |   4|   0|    4|          0|
    |trunc_ln1075_reg_877_pp0_iter3_reg             |   4|   0|    4|          0|
    |trunc_ln414_2_reg_917                          |   4|   0|    4|          0|
    |trunc_ln414_2_reg_917_pp0_iter3_reg            |   4|   0|    4|          0|
    |trunc_ln414_reg_909                            |   4|   0|    4|          0|
    |trunc_ln414_reg_909_pp0_iter3_reg              |   4|   0|    4|          0|
    |trunc_ln674_7_reg_858                          |   7|   0|    7|          0|
    |trunc_ln674_8_reg_866                          |   7|   0|    7|          0|
    |trunc_ln674_reg_889                            |   7|   0|    7|          0|
    |bLast_width_reg_835                            |  64|  32|    1|          0|
    |icmp_ln1062_reg_831                            |  64|  32|    1|          0|
    |icmp_ln1073_reg_847                            |  64|  32|    1|          0|
    |icmp_ln1093_reg_843                            |  64|  32|    1|          0|
    +-----------------------------------------------+----+----+-----+-----------+
    |Total                                          | 685| 128|  433|          0|
    +-----------------------------------------------+----+----+-----+-----------+



================================================================
== Interface
================================================================
* Summary: 
+----------------------------------+-----+-----+------------+---------------------------------------------------+--------------+
|             RTL Ports            | Dir | Bits|  Protocol  |                   Source Object                   |    C Type    |
+----------------------------------+-----+-----+------------+---------------------------------------------------+--------------+
|ap_clk                            |   in|    1|  ap_ctrl_hs|  AxiStream2MatStream<2>.1_Pipeline_MMIterInLoopRow|  return value|
|ap_rst                            |   in|    1|  ap_ctrl_hs|  AxiStream2MatStream<2>.1_Pipeline_MMIterInLoopRow|  return value|
|ap_start                          |   in|    1|  ap_ctrl_hs|  AxiStream2MatStream<2>.1_Pipeline_MMIterInLoopRow|  return value|
|ap_done                           |  out|    1|  ap_ctrl_hs|  AxiStream2MatStream<2>.1_Pipeline_MMIterInLoopRow|  return value|
|ap_idle                           |  out|    1|  ap_ctrl_hs|  AxiStream2MatStream<2>.1_Pipeline_MMIterInLoopRow|  return value|
|ap_ready                          |  out|    1|  ap_ctrl_hs|  AxiStream2MatStream<2>.1_Pipeline_MMIterInLoopRow|  return value|
|ldata1_dout                       |   in|   64|     ap_fifo|                                             ldata1|       pointer|
|ldata1_num_data_valid             |   in|    2|     ap_fifo|                                             ldata1|       pointer|
|ldata1_fifo_cap                   |   in|    2|     ap_fifo|                                             ldata1|       pointer|
|ldata1_empty_n                    |   in|    1|     ap_fifo|                                             ldata1|       pointer|
|ldata1_read                       |  out|    1|     ap_fifo|                                             ldata1|       pointer|
|imgInput_y_data81_din             |  out|    8|     ap_fifo|                                  imgInput_y_data81|       pointer|
|imgInput_y_data81_num_data_valid  |   in|    2|     ap_fifo|                                  imgInput_y_data81|       pointer|
|imgInput_y_data81_fifo_cap        |   in|    2|     ap_fifo|                                  imgInput_y_data81|       pointer|
|imgInput_y_data81_full_n          |   in|    1|     ap_fifo|                                  imgInput_y_data81|       pointer|
|imgInput_y_data81_write           |  out|    1|     ap_fifo|                                  imgInput_y_data81|       pointer|
|bound                             |   in|   32|     ap_none|                                              bound|        scalar|
|sext_ln1082                       |   in|    5|     ap_none|                                        sext_ln1082|        scalar|
|cols_bound_per_npc_load           |   in|   32|     ap_none|                            cols_bound_per_npc_load|        scalar|
|sub                               |   in|   32|     ap_none|                                                sub|        scalar|
|last_blk_width_load               |   in|    4|     ap_none|                                last_blk_width_load|        scalar|
|sub3                              |   in|    7|     ap_none|                                               sub3|        scalar|
|add_ln1082                        |   in|    7|     ap_none|                                         add_ln1082|        scalar|
+----------------------------------+-----+-----+------------+---------------------------------------------------+--------------+

