

================================================================
== Vitis HLS Report for 'AxiStream2MatStream_2_Pipeline_MMIterInLoopRow'
================================================================
* Date:           Wed Jun 29 08:15:27 2022

* Version:        2022.1 (Build 3526262 on Mon Apr 18 15:47:01 MDT 2022)
* Project:        pp_pipeline_accel
* Solution:       solution (Vitis Kernel Flow Target)
* Product family: zynquplus
* Target device:  xck26-sfvc784-2LV-c


================================================================
== Performance Estimates
================================================================
+ Timing: 
    * Summary: 
    +--------+---------+----------+------------+
    |  Clock |  Target | Estimated| Uncertainty|
    +--------+---------+----------+------------+
    |ap_clk  |  3.33 ns|  2.309 ns|     0.90 ns|
    +--------+---------+----------+------------+

+ Latency: 
    * Summary: 
    +---------+---------+-----------+----------+-----+---------+---------+
    |  Latency (cycles) |  Latency (absolute)  |    Interval   | Pipeline|
    |   min   |   max   |    min    |    max   | min |   max   |   Type  |
    +---------+---------+-----------+----------+-----+---------+---------+
    |        6|  2073605|  19.998 ns|  6.911 ms|    6|  2073605|       no|
    +---------+---------+-----------+----------+-----+---------+---------+

    + Detail: 
        * Instance: 
        N/A

        * Loop: 
        +-------------------+---------+---------+----------+-----------+-----------+-------------+----------+
        |                   |  Latency (cycles) | Iteration|  Initiation Interval  |     Trip    |          |
        |     Loop Name     |   min   |   max   |  Latency |  achieved |   target  |    Count    | Pipelined|
        +-------------------+---------+---------+----------+-----------+-----------+-------------+----------+
        |- MMIterInLoopRow  |        4|  2073603|         5|          1|          1|  1 ~ 2073600|       yes|
        +-------------------+---------+---------+----------+-----------+-----------+-------------+----------+



================================================================
== Utilization Estimates
================================================================
* Summary: 
+-----------------+---------+------+--------+--------+-----+
|       Name      | BRAM_18K|  DSP |   FF   |   LUT  | URAM|
+-----------------+---------+------+--------+--------+-----+
|DSP              |        -|     -|       -|       -|    -|
|Expression       |        -|     -|       0|    2229|    -|
|FIFO             |        -|     -|       -|       -|    -|
|Instance         |        -|     -|       -|       -|    -|
|Memory           |        -|     -|       -|       -|    -|
|Multiplexer      |        -|     -|       -|     100|    -|
|Register         |        -|     -|     775|     128|    -|
+-----------------+---------+------+--------+--------+-----+
|Total            |        0|     0|     775|    2457|    0|
+-----------------+---------+------+--------+--------+-----+
|Available        |      288|  1248|  234240|  117120|   64|
+-----------------+---------+------+--------+--------+-----+
|Utilization (%)  |        0|     0|      ~0|       2|    0|
+-----------------+---------+------+--------+--------+-----+

+ Detail: 
    * Instance: 
    N/A

    * DSP: 
    N/A

    * Memory: 
    N/A

    * FIFO: 
    N/A

    * Expression: 
    +----------------------------------+----------+----+---+-----+------------+------------+
    |           Variable Name          | Operation| DSP| FF| LUT | Bitwidth P0| Bitwidth P1|
    +----------------------------------+----------+----+---+-----+------------+------------+
    |add_ln1079_fu_384_p2              |         +|   0|  0|   13|           6|           2|
    |add_ln1094_fu_255_p2              |         +|   0|  0|   39|          32|           1|
    |add_ln674_1_fu_408_p2             |         +|   0|  0|   16|           7|           6|
    |add_ln674_fu_511_p2               |         +|   0|  0|   14|           7|           7|
    |i_9_fu_230_p2                     |         +|   0|  0|   29|          22|           1|
    |rem_1_fu_428_p2                   |         +|   0|  0|   39|          32|          32|
    |grp_fu_184_p2                     |         -|   0|  0|   39|           7|          32|
    |grp_fu_189_p2                     |         -|   0|  0|   14|           6|           7|
    |rem_2_fu_343_p2                   |         -|   0|  0|   39|          32|          32|
    |sub_ln1082_fu_323_p2              |         -|   0|  0|   39|          32|          32|
    |sub_ln414_1_fu_571_p2             |         -|   0|  0|   12|           4|           5|
    |sub_ln414_2_fu_587_p2             |         -|   0|  0|   12|           4|           5|
    |sub_ln414_fu_644_p2               |         -|   0|  0|   13|           6|           5|
    |sub_ln674_2_fu_536_p2             |         -|   0|  0|   14|           6|           7|
    |sub_ln674_3_fu_402_p2             |         -|   0|  0|   16|           7|           7|
    |sub_ln674_4_fu_452_p2             |         -|   0|  0|   14|           7|           7|
    |sub_ln674_5_fu_456_p2             |         -|   0|  0|   14|           6|           7|
    |sub_ln674_6_fu_461_p2             |         -|   0|  0|   14|           7|           7|
    |sub_ln674_7_fu_485_p2             |         -|   0|  0|   14|           6|           7|
    |sub_ln674_8_fu_744_p2             |         -|   0|  0|   12|           4|           5|
    |and_ln414_1_fu_723_p2             |       and|   0|  0|   16|          16|          16|
    |and_ln414_2_fu_729_p2             |       and|   0|  0|   16|          16|          16|
    |and_ln414_fu_711_p2               |       and|   0|  0|   16|          16|          16|
    |ap_block_state4_pp0_stage0_iter3  |       and|   0|  0|    2|           1|           1|
    |ap_block_state6_pp0_stage0_iter5  |       and|   0|  0|    2|           1|           1|
    |ap_condition_731                  |       and|   0|  0|    2|           1|           1|
    |ap_condition_735                  |       and|   0|  0|    2|           1|           1|
    |ap_condition_738                  |       and|   0|  0|    2|           1|           1|
    |ap_predicate_op101_read_state4    |       and|   0|  0|    2|           1|           1|
    |imgInput_uv_data82_din            |       and|   0|  0|   16|          16|          16|
    |p_Result_13_fu_659_p2             |       and|   0|  0|   16|          16|          16|
    |p_Result_14_fu_561_p2             |       and|   0|  0|   64|          64|          64|
    |p_Result_16_fu_617_p2             |       and|   0|  0|   64|          64|          64|
    |p_Result_s_fu_635_p2              |       and|   0|  0|   64|          64|          64|
    |bLast_width_fu_239_p2             |      icmp|   0|  0|   20|          32|          32|
    |icmp_ln1062_fu_225_p2             |      icmp|   0|  0|   15|          22|          22|
    |icmp_ln1073_fu_307_p2             |      icmp|   0|  0|   20|          32|          32|
    |icmp_ln1074_fu_354_p2             |      icmp|   0|  0|   20|          32|           1|
    |icmp_ln1093_fu_247_p2             |      icmp|   0|  0|   20|          32|          32|
    |icmp_ln414_fu_414_p2              |      icmp|   0|  0|   20|          32|          32|
    |icmp_ln674_1_fu_329_p2            |      icmp|   0|  0|   20|          32|          32|
    |icmp_ln674_fu_374_p2              |      icmp|   0|  0|   17|          26|           1|
    |lshr_ln414_1_fu_705_p2            |      lshr|   0|  0|   35|           2|          16|
    |lshr_ln414_fu_653_p2              |      lshr|   0|  0|   35|           2|          16|
    |lshr_ln674_1_fu_629_p2            |      lshr|   0|  0|  179|           2|          64|
    |lshr_ln674_2_fu_555_p2            |      lshr|   0|  0|  179|           2|          64|
    |lshr_ln674_3_fu_495_p2            |      lshr|   0|  0|  179|          64|          64|
    |lshr_ln674_4_fu_611_p2            |      lshr|   0|  0|  179|           2|          64|
    |lshr_ln674_5_fu_753_p2            |      lshr|   0|  0|   35|           2|          16|
    |lshr_ln674_fu_546_p2              |      lshr|   0|  0|  179|          64|          64|
    |ap_block_pp0_stage0_01001         |        or|   0|  0|    2|           1|           1|
    |p_Result_15_fu_735_p2             |        or|   0|  0|   16|          16|          16|
    |j_4_fu_261_p3                     |    select|   0|  0|   32|           1|           1|
    |localbuffer_V_fu_665_p3           |    select|   0|  0|   16|           1|           1|
    |ptr_width_minus_fu_297_p3         |    select|   0|  0|    7|           1|           7|
    |select_ln1067_fu_759_p3           |    select|   0|  0|   16|           1|          16|
    |select_ln1082_fu_313_p3           |    select|   0|  0|    7|           1|           7|
    |select_ln414_1_fu_672_p3          |    select|   0|  0|    5|           1|           5|
    |select_ln414_2_fu_581_p3          |    select|   0|  0|    5|           1|           5|
    |select_ln414_3_fu_693_p3          |    select|   0|  0|   16|           1|          16|
    |select_ln414_fu_576_p3            |    select|   0|  0|    5|           1|           5|
    |select_ln674_1_fu_523_p3          |    select|   0|  0|   64|           1|          64|
    |select_ln674_2_fu_530_p3          |    select|   0|  0|    7|           1|           7|
    |select_ln674_3_fu_465_p3          |    select|   0|  0|    7|           1|           7|
    |select_ln674_4_fu_472_p3          |    select|   0|  0|   64|           1|          64|
    |select_ln674_5_fu_479_p3          |    select|   0|  0|    7|           1|           7|
    |select_ln674_fu_516_p3            |    select|   0|  0|    7|           1|           7|
    |xf_bits_per_clock_fu_283_p3       |    select|   0|  0|    6|           1|           5|
    |shl_ln414_1_fu_699_p2             |       shl|   0|  0|   35|           2|          16|
    |shl_ln414_fu_597_p2               |       shl|   0|  0|   35|          16|          16|
    |ap_enable_pp0                     |       xor|   0|  0|    2|           1|           2|
    |xor_ln414_fu_717_p2               |       xor|   0|  0|   16|           2|          16|
    +----------------------------------+----------+----+---+-----+------------+------------+
    |Total                             |          |   0|  0| 2229|         952|        1335|
    +----------------------------------+----------+----+---+-----+------------+------------+

    * Multiplexer: 
    +----------------------------------------------+----+-----------+-----+-----------+
    |                     Name                     | LUT| Input Size| Bits| Total Bits|
    +----------------------------------------------+----+-----------+-----+-----------+
    |ap_done_int                                   |   9|          2|    1|          2|
    |ap_enable_reg_pp0_iter1                       |   9|          2|    1|          2|
    |ap_enable_reg_pp0_iter2                       |   9|          2|    1|          2|
    |ap_phi_reg_pp0_iter5_localbuffer_V_8_reg_175  |  14|          3|   16|         48|
    |i_fu_108                                      |   9|          2|   22|         44|
    |imgInput_uv_data82_blk_n                      |   9|          2|    1|          2|
    |j_fu_112                                      |   9|          2|   32|         64|
    |ldata1_blk_n                                  |   9|          2|    1|          2|
    |p_Val2_s_fu_116                               |   9|          2|   64|        128|
    |rem_fu_104                                    |  14|          3|   32|         96|
    +----------------------------------------------+----+-----------+-----+-----------+
    |Total                                         | 100|         22|  171|        390|
    +----------------------------------------------+----+-----------+-----+-----------+

    * Register: 
    +----------------------------------------------+----+----+-----+-----------+
    |                     Name                     | FF | LUT| Bits| Const Bits|
    +----------------------------------------------+----+----+-----+-----------+
    |add_ln674_1_reg_904                           |   7|   0|    7|          0|
    |ap_CS_fsm                                     |   1|   0|    1|          0|
    |ap_done_reg                                   |   1|   0|    1|          0|
    |ap_enable_reg_pp0_iter1                       |   1|   0|    1|          0|
    |ap_enable_reg_pp0_iter2                       |   1|   0|    1|          0|
    |ap_enable_reg_pp0_iter3                       |   1|   0|    1|          0|
    |ap_enable_reg_pp0_iter4                       |   1|   0|    1|          0|
    |ap_enable_reg_pp0_iter5                       |   1|   0|    1|          0|
    |ap_loop_exit_ready_pp0_iter2_reg              |   1|   0|    1|          0|
    |ap_loop_exit_ready_pp0_iter3_reg              |   1|   0|    1|          0|
    |ap_loop_exit_ready_pp0_iter4_reg              |   1|   0|    1|          0|
    |ap_phi_reg_pp0_iter1_localbuffer_V_8_reg_175  |  16|   0|   16|          0|
    |ap_phi_reg_pp0_iter2_localbuffer_V_8_reg_175  |  16|   0|   16|          0|
    |ap_phi_reg_pp0_iter3_localbuffer_V_8_reg_175  |  16|   0|   16|          0|
    |ap_phi_reg_pp0_iter4_localbuffer_V_8_reg_175  |  16|   0|   16|          0|
    |ap_phi_reg_pp0_iter5_localbuffer_V_8_reg_175  |  16|   0|   16|          0|
    |bLast_width_reg_843                           |   1|   0|    1|          0|
    |cols_bound_per_npc_cast3_cast_reg_834         |  11|   0|   32|         21|
    |i_fu_108                                      |  22|   0|   22|          0|
    |icmp_ln1062_reg_839                           |   1|   0|    1|          0|
    |icmp_ln1073_reg_855                           |   1|   0|    1|          0|
    |icmp_ln1074_reg_880                           |   1|   0|    1|          0|
    |icmp_ln1074_reg_880_pp0_iter3_reg             |   1|   0|    1|          0|
    |icmp_ln1093_reg_851                           |   1|   0|    1|          0|
    |icmp_ln414_reg_909                            |   1|   0|    1|          0|
    |icmp_ln414_reg_909_pp0_iter3_reg              |   1|   0|    1|          0|
    |icmp_ln674_1_reg_859                          |   1|   0|    1|          0|
    |icmp_ln674_reg_890                            |   1|   0|    1|          0|
    |j_fu_112                                      |  32|   0|   32|          0|
    |lshr_ln674_3_reg_936                          |  64|   0|   64|          0|
    |lshr_ln674_reg_946                            |  64|   0|   64|          0|
    |p_Val2_s_fu_116                               |  64|   0|   64|          0|
    |rem_fu_104                                    |  32|   0|   32|          0|
    |shl_ln414_reg_956                             |  16|   0|   16|          0|
    |sub_cast_cast_reg_829                         |  32|   0|   32|          0|
    |sub_ln414_2_reg_951                           |   5|   0|    5|          0|
    |sub_ln674_2_reg_941                           |   7|   0|    7|          0|
    |sub_ln674_7_reg_931                           |   7|   0|    7|          0|
    |sub_ln674_8_reg_972                           |   5|   0|    5|          0|
    |trunc_ln1075_reg_885                          |   5|   0|    5|          0|
    |trunc_ln1075_reg_885_pp0_iter3_reg            |   5|   0|    5|          0|
    |trunc_ln414_1_reg_925                         |   5|   0|    5|          0|
    |trunc_ln414_1_reg_925_pp0_iter3_reg           |   5|   0|    5|          0|
    |trunc_ln414_reg_917                           |   5|   0|    5|          0|
    |trunc_ln414_reg_917_pp0_iter3_reg             |   5|   0|    5|          0|
    |trunc_ln674_4_reg_866                         |   7|   0|    7|          0|
    |trunc_ln674_5_reg_874                         |   7|   0|    7|          0|
    |trunc_ln674_reg_897                           |   7|   0|    7|          0|
    |bLast_width_reg_843                           |  64|  32|    1|          0|
    |icmp_ln1062_reg_839                           |  64|  32|    1|          0|
    |icmp_ln1073_reg_855                           |  64|  32|    1|          0|
    |icmp_ln1093_reg_851                           |  64|  32|    1|          0|
    +----------------------------------------------+----+----+-----+-----------+
    |Total                                         | 775| 128|  544|         21|
    +----------------------------------------------+----+----+-----+-----------+



================================================================
== Interface
================================================================
* Summary: 
+-----------------------------------+-----+-----+------------+-------------------------------------------------+--------------+
|             RTL Ports             | Dir | Bits|  Protocol  |                  Source Object                  |    C Type    |
+-----------------------------------+-----+-----+------------+-------------------------------------------------+--------------+
|ap_clk                             |   in|    1|  ap_ctrl_hs|  AxiStream2MatStream<2>_Pipeline_MMIterInLoopRow|  return value|
|ap_rst                             |   in|    1|  ap_ctrl_hs|  AxiStream2MatStream<2>_Pipeline_MMIterInLoopRow|  return value|
|ap_start                           |   in|    1|  ap_ctrl_hs|  AxiStream2MatStream<2>_Pipeline_MMIterInLoopRow|  return value|
|ap_done                            |  out|    1|  ap_ctrl_hs|  AxiStream2MatStream<2>_Pipeline_MMIterInLoopRow|  return value|
|ap_idle                            |  out|    1|  ap_ctrl_hs|  AxiStream2MatStream<2>_Pipeline_MMIterInLoopRow|  return value|
|ap_ready                           |  out|    1|  ap_ctrl_hs|  AxiStream2MatStream<2>_Pipeline_MMIterInLoopRow|  return value|
|ldata1_dout                        |   in|   64|     ap_fifo|                                           ldata1|       pointer|
|ldata1_num_data_valid              |   in|    2|     ap_fifo|                                           ldata1|       pointer|
|ldata1_fifo_cap                    |   in|    2|     ap_fifo|                                           ldata1|       pointer|
|ldata1_empty_n                     |   in|    1|     ap_fifo|                                           ldata1|       pointer|
|ldata1_read                        |  out|    1|     ap_fifo|                                           ldata1|       pointer|
|imgInput_uv_data82_din             |  out|   16|     ap_fifo|                               imgInput_uv_data82|       pointer|
|imgInput_uv_data82_num_data_valid  |   in|    2|     ap_fifo|                               imgInput_uv_data82|       pointer|
|imgInput_uv_data82_fifo_cap        |   in|    2|     ap_fifo|                               imgInput_uv_data82|       pointer|
|imgInput_uv_data82_full_n          |   in|    1|     ap_fifo|                               imgInput_uv_data82|       pointer|
|imgInput_uv_data82_write           |  out|    1|     ap_fifo|                               imgInput_uv_data82|       pointer|
|mul_ln1062                         |   in|   22|     ap_none|                                       mul_ln1062|        scalar|
|sext_ln1082                        |   in|    6|     ap_none|                                      sext_ln1082|        scalar|
|cols_bound_per_npc_cast3           |   in|   11|     ap_none|                         cols_bound_per_npc_cast3|        scalar|
|sub_cast                           |   in|   12|     ap_none|                                         sub_cast|        scalar|
|last_blk_width_load                |   in|    5|     ap_none|                              last_blk_width_load|        scalar|
|sub3                               |   in|    7|     ap_none|                                             sub3|        scalar|
|add_ln1082                         |   in|    7|     ap_none|                                       add_ln1082|        scalar|
+-----------------------------------+-----+-----+------------+-------------------------------------------------+--------------+

