

================================================================
== Vitis HLS Report for 'Block_entry20_proc'
================================================================
* Date:           Wed Jun 29 08:15:22 2022

* Version:        2022.1 (Build 3526262 on Mon Apr 18 15:47:01 MDT 2022)
* Project:        pp_pipeline_accel
* Solution:       solution (Vitis Kernel Flow Target)
* Product family: zynquplus
* Target device:  xck26-sfvc784-2LV-c


================================================================
== Performance Estimates
================================================================
+ Timing: 
    * Summary: 
    +--------+---------+----------+------------+
    |  Clock |  Target | Estimated| Uncertainty|
    +--------+---------+----------+------------+
    |ap_clk  |  3.33 ns|      0 ns|     0.90 ns|
    +--------+---------+----------+------------+

+ Latency: 
    * Summary: 
    +---------+---------+----------+----------+-----+-----+---------+
    |  Latency (cycles) |  Latency (absolute) |  Interval | Pipeline|
    |   min   |   max   |    min   |    max   | min | max |   Type  |
    +---------+---------+----------+----------+-----+-----+---------+
    |        0|        0|      0 ns|      0 ns|    0|    0|       no|
    +---------+---------+----------+----------+-----+-----+---------+

    + Detail: 
        * Instance: 
        N/A

        * Loop: 
        N/A



================================================================
== Utilization Estimates
================================================================
* Summary: 
+-----------------+---------+------+--------+--------+-----+
|       Name      | BRAM_18K|  DSP |   FF   |   LUT  | URAM|
+-----------------+---------+------+--------+--------+-----+
|DSP              |        -|     -|       -|       -|    -|
|Expression       |        -|     -|       0|       2|    -|
|FIFO             |        -|     -|       -|       -|    -|
|Instance         |        -|     -|       -|       -|    -|
|Memory           |        -|     -|       -|       -|    -|
|Multiplexer      |        -|     -|       -|      99|    -|
|Register         |        -|     -|     280|       -|    -|
+-----------------+---------+------+--------+--------+-----+
|Total            |        0|     0|     280|     101|    0|
+-----------------+---------+------+--------+--------+-----+
|Available        |      288|  1248|  234240|  117120|   64|
+-----------------+---------+------+--------+--------+-----+
|Utilization (%)  |        0|     0|      ~0|      ~0|    0|
+-----------------+---------+------+--------+--------+-----+

+ Detail: 
    * Instance: 
    N/A

    * DSP: 
    N/A

    * Memory: 
    N/A

    * FIFO: 
    N/A

    * Expression: 
    +-----------------+----------+----+---+----+------------+------------+
    |  Variable Name  | Operation| DSP| FF| LUT| Bitwidth P0| Bitwidth P1|
    +-----------------+----------+----+---+----+------------+------------+
    |ap_block_state1  |        or|   0|  0|   2|           1|           1|
    +-----------------+----------+----+---+----+------------+------------+
    |Total            |          |   0|  0|   2|           1|           1|
    +-----------------+----------+----+---+----+------------+------------+

    * Multiplexer: 
    +-------------+----+-----------+-----+-----------+
    |     Name    | LUT| Input Size| Bits| Total Bits|
    +-------------+----+-----------+-----+-----------+
    |ap_done      |   9|          2|    1|          2|
    |ap_return_0  |   9|          2|   11|         22|
    |ap_return_1  |   9|          2|   11|         22|
    |ap_return_2  |   9|          2|   32|         64|
    |ap_return_3  |   9|          2|   32|         64|
    |ap_return_4  |   9|          2|   32|         64|
    |ap_return_5  |   9|          2|   32|         64|
    |ap_return_6  |   9|          2|   32|         64|
    |ap_return_7  |   9|          2|   32|         64|
    |ap_return_8  |   9|          2|   32|         64|
    |ap_return_9  |   9|          2|   32|         64|
    +-------------+----+-----------+-----+-----------+
    |Total        |  99|         22|  279|        558|
    +-------------+----+-----------+-----+-----------+

    * Register: 
    +------------------+----+----+-----+-----------+
    |       Name       | FF | LUT| Bits| Const Bits|
    +------------------+----+----+-----+-----------+
    |ap_CS_fsm         |   1|   0|    1|          0|
    |ap_done_reg       |   1|   0|    1|          0|
    |ap_return_0_preg  |  11|   0|   11|          0|
    |ap_return_1_preg  |  11|   0|   11|          0|
    |ap_return_2_preg  |  32|   0|   32|          0|
    |ap_return_3_preg  |  32|   0|   32|          0|
    |ap_return_4_preg  |  32|   0|   32|          0|
    |ap_return_5_preg  |  32|   0|   32|          0|
    |ap_return_6_preg  |  32|   0|   32|          0|
    |ap_return_7_preg  |  32|   0|   32|          0|
    |ap_return_8_preg  |  32|   0|   32|          0|
    |ap_return_9_preg  |  32|   0|   32|          0|
    +------------------+----+----+-----+-----------+
    |Total             | 280|   0|  280|          0|
    +------------------+----+----+-----+-----------+



================================================================
== Interface
================================================================
* Summary: 
+----------------+-----+-----+------------+--------------------+--------------+
|    RTL Ports   | Dir | Bits|  Protocol  |    Source Object   |    C Type    |
+----------------+-----+-----+------------+--------------------+--------------+
|ap_clk          |   in|    1|  ap_ctrl_hs|  Block_entry20_proc|  return value|
|ap_rst          |   in|    1|  ap_ctrl_hs|  Block_entry20_proc|  return value|
|ap_start        |   in|    1|  ap_ctrl_hs|  Block_entry20_proc|  return value|
|ap_done         |  out|    1|  ap_ctrl_hs|  Block_entry20_proc|  return value|
|ap_continue     |   in|    1|  ap_ctrl_hs|  Block_entry20_proc|  return value|
|ap_idle         |  out|    1|  ap_ctrl_hs|  Block_entry20_proc|  return value|
|ap_ready        |  out|    1|  ap_ctrl_hs|  Block_entry20_proc|  return value|
|ap_return_0     |  out|   11|  ap_ctrl_hs|  Block_entry20_proc|  return value|
|ap_return_1     |  out|   11|  ap_ctrl_hs|  Block_entry20_proc|  return value|
|ap_return_2     |  out|   32|  ap_ctrl_hs|  Block_entry20_proc|  return value|
|ap_return_3     |  out|   32|  ap_ctrl_hs|  Block_entry20_proc|  return value|
|ap_return_4     |  out|   32|  ap_ctrl_hs|  Block_entry20_proc|  return value|
|ap_return_5     |  out|   32|  ap_ctrl_hs|  Block_entry20_proc|  return value|
|ap_return_6     |  out|   32|  ap_ctrl_hs|  Block_entry20_proc|  return value|
|ap_return_7     |  out|   32|  ap_ctrl_hs|  Block_entry20_proc|  return value|
|ap_return_8     |  out|   32|  ap_ctrl_hs|  Block_entry20_proc|  return value|
|ap_return_9     |  out|   32|  ap_ctrl_hs|  Block_entry20_proc|  return value|
|in_img_height   |   in|   32|     ap_none|       in_img_height|        scalar|
|in_img_width    |   in|   32|     ap_none|        in_img_width|        scalar|
|out_img_height  |   in|   32|     ap_none|      out_img_height|        scalar|
|out_img_width   |   in|   32|     ap_none|       out_img_width|        scalar|
+----------------+-----+-----+------------+--------------------+--------------+

