

================================================================
== Vitis HLS Report for 'KernNv122bgr_0_6_9_2160_3840_1_1_1_5_9_s'
================================================================
* Date:           Mon Jun 27 00:45:10 2022

* Version:        2022.1 (Build 3526262 on Mon Apr 18 15:47:01 MDT 2022)
* Project:        pp_pipeline_accel
* Solution:       solution (Vitis Kernel Flow Target)
* Product family: zynquplus
* Target device:  xck26-sfvc784-2LVI-i


================================================================
== Performance Estimates
================================================================
+ Timing: 
    * Summary: 
    +--------+----------+----------+------------+
    |  Clock |  Target  | Estimated| Uncertainty|
    +--------+----------+----------+------------+
    |ap_clk  |  10.00 ns|  4.098 ns|     2.70 ns|
    +--------+----------+----------+------------+

+ Latency: 
    * Summary: 
    +---------+---------+-----------+-----------+---------+---------+---------+
    |  Latency (cycles) |   Latency (absolute)  |      Interval     | Pipeline|
    |   min   |   max   |    min    |    max    |   min   |   max   |   Type  |
    +---------+---------+-----------+-----------+---------+---------+---------+
    |  8313842|  8317684|  83.138 ms|  83.177 ms|  8313842|  8317684|       no|
    +---------+---------+-----------+-----------+---------+---------+---------+

    + Detail: 
        * Instance: 
        +------------------------------------------------------------------------------+-------------------------------------------------------------------+---------+---------+-----------+-----------+------+------+---------+
        |                                                                              |                                                                   |  Latency (cycles) |   Latency (absolute)  |   Interval  | Pipeline|
        |                                   Instance                                   |                               Module                              |   min   |   max   |    min    |    max    |  min |  max |   Type  |
        +------------------------------------------------------------------------------+-------------------------------------------------------------------+---------+---------+-----------+-----------+------+------+---------+
        |grp_KernNv122bgr_0_6_9_2160_3840_1_1_1_5_9_Pipeline_ColLoop_fu_102            |KernNv122bgr_0_6_9_2160_3840_1_1_1_5_9_Pipeline_ColLoop            |     3847|     3847|  38.470 us|  38.470 us|  3847|  3847|       no|
        |grp_KernNv122bgr_0_6_9_2160_3840_1_1_1_5_9_Pipeline_VITIS_LOOP_4244_1_fu_119  |KernNv122bgr_0_6_9_2160_3840_1_1_1_5_9_Pipeline_VITIS_LOOP_4244_1  |     3842|     3842|  38.420 us|  38.420 us|  3842|  3842|       no|
        +------------------------------------------------------------------------------+-------------------------------------------------------------------+---------+---------+-----------+-----------+------+------+---------+

        * Loop: 
        +-----------+---------+---------+----------+-----------+-----------+------+----------+
        |           |  Latency (cycles) | Iteration|  Initiation Interval  | Trip |          |
        | Loop Name |   min   |   max   |  Latency |  achieved |   target  | Count| Pipelined|
        +-----------+---------+---------+----------+-----------+-----------+------+----------+
        |- RowLoop  |  8313840|  8313840|      3849|          -|          -|  2160|        no|
        +-----------+---------+---------+----------+-----------+-----------+------+----------+



================================================================
== Utilization Estimates
================================================================
* Summary: 
+-----------------+---------+------+--------+--------+-----+
|       Name      | BRAM_18K|  DSP |   FF   |   LUT  | URAM|
+-----------------+---------+------+--------+--------+-----+
|DSP              |        -|     -|       -|       -|    -|
|Expression       |        -|     -|       0|      42|    -|
|FIFO             |        4|     -|     163|      62|    -|
|Instance         |        -|     5|     355|     673|    -|
|Memory           |        -|     -|       -|       -|    -|
|Multiplexer      |        -|     -|       -|     103|    -|
|Register         |        -|     -|      44|       -|    -|
+-----------------+---------+------+--------+--------+-----+
|Total            |        4|     5|     562|     880|    0|
+-----------------+---------+------+--------+--------+-----+
|Available        |      288|  1248|  234240|  117120|   64|
+-----------------+---------+------+--------+--------+-----+
|Utilization (%)  |        1|    ~0|      ~0|      ~0|    0|
+-----------------+---------+------+--------+--------+-----+

+ Detail: 
    * Instance: 
    +------------------------------------------------------------------------------+-------------------------------------------------------------------+---------+----+-----+-----+-----+
    |                                   Instance                                   |                               Module                              | BRAM_18K| DSP|  FF | LUT | URAM|
    +------------------------------------------------------------------------------+-------------------------------------------------------------------+---------+----+-----+-----+-----+
    |grp_KernNv122bgr_0_6_9_2160_3840_1_1_1_5_9_Pipeline_ColLoop_fu_102            |KernNv122bgr_0_6_9_2160_3840_1_1_1_5_9_Pipeline_ColLoop            |        0|   5|  336|  588|    0|
    |grp_KernNv122bgr_0_6_9_2160_3840_1_1_1_5_9_Pipeline_VITIS_LOOP_4244_1_fu_119  |KernNv122bgr_0_6_9_2160_3840_1_1_1_5_9_Pipeline_VITIS_LOOP_4244_1  |        0|   0|   19|   85|    0|
    +------------------------------------------------------------------------------+-------------------------------------------------------------------+---------+----+-----+-----+-----+
    |Total                                                                         |                                                                   |        0|   5|  355|  673|    0|
    +------------------------------------------------------------------------------+-------------------------------------------------------------------+---------+----+-----+-----+-----+

    * DSP: 
    N/A

    * Memory: 
    N/A

    * FIFO: 
    +-----------------+---------+-----+----+-----+------+-----+---------+
    |       Name      | BRAM_18K|  FF | LUT| URAM| Depth| Bits| Size:D*B|
    +-----------------+---------+-----+----+-----+------+-----+---------+
    |uvStream_fifo_U  |        4|  163|   0|    -|  3840|   16|    61440|
    +-----------------+---------+-----+----+-----+------+-----+---------+
    |Total            |        4|  163|   0|    0|  3840|   16|    61440|
    +-----------------+---------+-----+----+-----+------+-----+---------+

    * Expression: 
    +---------------------------------+----------+----+---+----+------------+------------+
    |          Variable Name          | Operation| DSP| FF| LUT| Bitwidth P0| Bitwidth P1|
    +---------------------------------+----------+----+---+----+------------+------------+
    |i_7_fu_146_p2                    |         +|   0|  0|  23|          16|           1|
    |ap_block_state4_on_subcall_done  |       and|   0|  0|   2|           1|           1|
    |icmp_ln4194_fu_141_p2            |      icmp|   0|  0|  13|          16|          16|
    |evenBlock_3_fu_152_p2            |       xor|   0|  0|   2|           1|           1|
    |evenRow_1_fu_157_p2              |       xor|   0|  0|   2|           1|           2|
    +---------------------------------+----------+----+---+----+------------+------------+
    |Total                            |          |   0|  0|  42|          35|          21|
    +---------------------------------+----------+----+---+----+------------+------------+

    * Multiplexer: 
    +-------------------------+----+-----------+-----+-----------+
    |           Name          | LUT| Input Size| Bits| Total Bits|
    +-------------------------+----+-----------+-----+-----------+
    |ap_NS_fsm                |  26|          5|    1|          5|
    |evenBlock_reg_78         |   9|          2|    1|          2|
    |evenRow_reg_90           |   9|          2|    1|          2|
    |i_fu_58                  |   9|          2|   16|         32|
    |imgInput_uv_data82_read  |   9|          2|    1|          2|
    |imgInput_y_data81_read   |   9|          2|    1|          2|
    |rgb_mat_data83_write     |   9|          2|    1|          2|
    |uvStream_read            |  14|          3|    1|          3|
    |uvStream_write           |   9|          2|    1|          2|
    +-------------------------+----+-----------+-----+-----------+
    |Total                    | 103|         22|   24|         52|
    +-------------------------+----+-----------+-----+-----------+

    * Register: 
    +-------------------------------------------------------------------------------------------+----+----+-----+-----------+
    |                                            Name                                           | FF | LUT| Bits| Const Bits|
    +-------------------------------------------------------------------------------------------+----+----+-----+-----------+
    |ap_CS_fsm                                                                                  |   4|   0|    4|          0|
    |empty_214_reg_201                                                                          |   1|   0|    1|          0|
    |empty_reg_191                                                                              |   1|   0|    1|          0|
    |evenBlock_3_reg_209                                                                        |   1|   0|    1|          0|
    |evenBlock_reg_78                                                                           |   1|   0|    1|          0|
    |evenRow_1_reg_214                                                                          |   1|   0|    1|          0|
    |evenRow_reg_90                                                                             |   1|   0|    1|          0|
    |grp_KernNv122bgr_0_6_9_2160_3840_1_1_1_5_9_Pipeline_ColLoop_fu_102_ap_start_reg            |   1|   0|    1|          0|
    |grp_KernNv122bgr_0_6_9_2160_3840_1_1_1_5_9_Pipeline_VITIS_LOOP_4244_1_fu_119_ap_start_reg  |   1|   0|    1|          0|
    |i_fu_58                                                                                    |  16|   0|   16|          0|
    |uvPacked_V_fu_54                                                                           |  16|   0|   16|          0|
    +-------------------------------------------------------------------------------------------+----+----+-----+-----------+
    |Total                                                                                      |  44|   0|   44|          0|
    +-------------------------------------------------------------------------------------------+----+----+-----+-----------+



================================================================
== Interface
================================================================
* Summary: 
+-----------------------------------+-----+-----+------------+--------------------------------------------------+--------------+
|             RTL Ports             | Dir | Bits|  Protocol  |                   Source Object                  |    C Type    |
+-----------------------------------+-----+-----+------------+--------------------------------------------------+--------------+
|ap_clk                             |   in|    1|  ap_ctrl_hs|  KernNv122bgr<0, 6, 9, 2160, 3840, 1, 1, 1, 5, 9>|  return value|
|ap_rst                             |   in|    1|  ap_ctrl_hs|  KernNv122bgr<0, 6, 9, 2160, 3840, 1, 1, 1, 5, 9>|  return value|
|ap_start                           |   in|    1|  ap_ctrl_hs|  KernNv122bgr<0, 6, 9, 2160, 3840, 1, 1, 1, 5, 9>|  return value|
|ap_done                            |  out|    1|  ap_ctrl_hs|  KernNv122bgr<0, 6, 9, 2160, 3840, 1, 1, 1, 5, 9>|  return value|
|ap_idle                            |  out|    1|  ap_ctrl_hs|  KernNv122bgr<0, 6, 9, 2160, 3840, 1, 1, 1, 5, 9>|  return value|
|ap_ready                           |  out|    1|  ap_ctrl_hs|  KernNv122bgr<0, 6, 9, 2160, 3840, 1, 1, 1, 5, 9>|  return value|
|imgInput_y_data81_dout             |   in|    8|     ap_fifo|                                 imgInput_y_data81|       pointer|
|imgInput_y_data81_num_data_valid   |   in|    2|     ap_fifo|                                 imgInput_y_data81|       pointer|
|imgInput_y_data81_fifo_cap         |   in|    2|     ap_fifo|                                 imgInput_y_data81|       pointer|
|imgInput_y_data81_empty_n          |   in|    1|     ap_fifo|                                 imgInput_y_data81|       pointer|
|imgInput_y_data81_read             |  out|    1|     ap_fifo|                                 imgInput_y_data81|       pointer|
|imgInput_uv_data82_dout            |   in|   16|     ap_fifo|                                imgInput_uv_data82|       pointer|
|imgInput_uv_data82_num_data_valid  |   in|    2|     ap_fifo|                                imgInput_uv_data82|       pointer|
|imgInput_uv_data82_fifo_cap        |   in|    2|     ap_fifo|                                imgInput_uv_data82|       pointer|
|imgInput_uv_data82_empty_n         |   in|    1|     ap_fifo|                                imgInput_uv_data82|       pointer|
|imgInput_uv_data82_read            |  out|    1|     ap_fifo|                                imgInput_uv_data82|       pointer|
|rgb_mat_data83_din                 |  out|   24|     ap_fifo|                                    rgb_mat_data83|       pointer|
|rgb_mat_data83_num_data_valid      |   in|    2|     ap_fifo|                                    rgb_mat_data83|       pointer|
|rgb_mat_data83_fifo_cap            |   in|    2|     ap_fifo|                                    rgb_mat_data83|       pointer|
|rgb_mat_data83_full_n              |   in|    1|     ap_fifo|                                    rgb_mat_data83|       pointer|
|rgb_mat_data83_write               |  out|    1|     ap_fifo|                                    rgb_mat_data83|       pointer|
|height                             |   in|   16|     ap_none|                                            height|        scalar|
|width                              |   in|   16|     ap_none|                                             width|        scalar|
+-----------------------------------+-----+-----+------------+--------------------------------------------------+--------------+

