

================================================================
== Vitis HLS Report for 'Mat2Axi_Block_entry3_proc'
================================================================
* Date:           Mon Jun 27 00:45:16 2022

* Version:        2022.1 (Build 3526262 on Mon Apr 18 15:47:01 MDT 2022)
* Project:        pp_pipeline_accel
* Solution:       solution (Vitis Kernel Flow Target)
* Product family: zynquplus
* Target device:  xck26-sfvc784-2LVI-i


================================================================
== Performance Estimates
================================================================
+ Timing: 
    * Summary: 
    +--------+----------+----------+------------+
    |  Clock |  Target  | Estimated| Uncertainty|
    +--------+----------+----------+------------+
    |ap_clk  |  10.00 ns|  2.195 ns|     2.70 ns|
    +--------+----------+----------+------------+

+ Latency: 
    * Summary: 
    +---------+---------+----------+----------+-----+-----+---------+
    |  Latency (cycles) |  Latency (absolute) |  Interval | Pipeline|
    |   min   |   max   |    min   |    max   | min | max |   Type  |
    +---------+---------+----------+----------+-----+-----+---------+
    |        0|        0|      0 ns|      0 ns|    0|    0|       no|
    +---------+---------+----------+----------+-----+-----+---------+

    + Detail: 
        * Instance: 
        N/A

        * Loop: 
        N/A



================================================================
== Utilization Estimates
================================================================
* Summary: 
+-----------------+---------+------+--------+--------+-----+
|       Name      | BRAM_18K|  DSP |   FF   |   LUT  | URAM|
+-----------------+---------+------+--------+--------+-----+
|DSP              |        -|     -|       -|       -|    -|
|Expression       |        -|     -|       0|      38|    -|
|FIFO             |        -|     -|       -|       -|    -|
|Instance         |        -|     -|       -|       -|    -|
|Memory           |        -|     -|       -|       -|    -|
|Multiplexer      |        -|     -|       -|      18|    -|
|Register         |        -|     -|      18|       -|    -|
+-----------------+---------+------+--------+--------+-----+
|Total            |        0|     0|      18|      56|    0|
+-----------------+---------+------+--------+--------+-----+
|Available        |      288|  1248|  234240|  117120|   64|
+-----------------+---------+------+--------+--------+-----+
|Utilization (%)  |        0|     0|      ~0|      ~0|    0|
+-----------------+---------+------+--------+--------+-----+

+ Detail: 
    * Instance: 
    N/A

    * DSP: 
    N/A

    * Memory: 
    N/A

    * FIFO: 
    N/A

    * Expression: 
    +----------------------+----------+----+---+----+------------+------------+
    |     Variable Name    | Operation| DSP| FF| LUT| Bitwidth P0| Bitwidth P1|
    +----------------------+----------+----+---+----+------------+------------+
    |icmp_ln1423_fu_26_p2  |      icmp|   0|  0|  20|          32|           2|
    |ap_block_state1       |        or|   0|  0|   2|           1|           1|
    |cols_tmp_fu_32_p3     |    select|   0|  0|  16|           1|          16|
    +----------------------+----------+----+---+----+------------+------------+
    |Total                 |          |   0|  0|  38|          34|          19|
    +----------------------+----------+----+---+----+------------+------------+

    * Multiplexer: 
    +-----------+----+-----------+-----+-----------+
    |    Name   | LUT| Input Size| Bits| Total Bits|
    +-----------+----+-----------+-----+-----------+
    |ap_done    |   9|          2|    1|          2|
    |ap_return  |   9|          2|   16|         32|
    +-----------+----+-----------+-----+-----------+
    |Total      |  18|          4|   17|         34|
    +-----------+----+-----------+-----+-----------+

    * Register: 
    +----------------+----+----+-----+-----------+
    |      Name      | FF | LUT| Bits| Const Bits|
    +----------------+----+----+-----+-----------+
    |ap_CS_fsm       |   1|   0|    1|          0|
    |ap_done_reg     |   1|   0|    1|          0|
    |ap_return_preg  |  16|   0|   16|          0|
    +----------------+----+----+-----+-----------+
    |Total           |  18|   0|   18|          0|
    +----------------+----+----+-----+-----------+



================================================================
== Interface
================================================================
* Summary: 
+-------------+-----+-----+------------+---------------------------+--------------+
|  RTL Ports  | Dir | Bits|  Protocol  |       Source Object       |    C Type    |
+-------------+-----+-----+------------+---------------------------+--------------+
|ap_clk       |   in|    1|  ap_ctrl_hs|  Mat2Axi_Block_entry3_proc|  return value|
|ap_rst       |   in|    1|  ap_ctrl_hs|  Mat2Axi_Block_entry3_proc|  return value|
|ap_start     |   in|    1|  ap_ctrl_hs|  Mat2Axi_Block_entry3_proc|  return value|
|ap_done      |  out|    1|  ap_ctrl_hs|  Mat2Axi_Block_entry3_proc|  return value|
|ap_continue  |   in|    1|  ap_ctrl_hs|  Mat2Axi_Block_entry3_proc|  return value|
|ap_idle      |  out|    1|  ap_ctrl_hs|  Mat2Axi_Block_entry3_proc|  return value|
|ap_ready     |  out|    1|  ap_ctrl_hs|  Mat2Axi_Block_entry3_proc|  return value|
|ap_return    |  out|   16|  ap_ctrl_hs|  Mat2Axi_Block_entry3_proc|  return value|
|stride       |   in|   32|     ap_none|                     stride|        scalar|
|cols         |   in|   16|     ap_none|                       cols|        scalar|
+-------------+-----+-----+------------+---------------------------+--------------+

