

================================================================
== Vitis HLS Report for 'nv122bgr_0_6_9_2160_3840_1_1_s'
================================================================
* Date:           Wed Jun 29 08:15:31 2022

* Version:        2022.1 (Build 3526262 on Mon Apr 18 15:47:01 MDT 2022)
* Project:        pp_pipeline_accel
* Solution:       solution (Vitis Kernel Flow Target)
* Product family: zynquplus
* Target device:  xck26-sfvc784-2LV-c


================================================================
== Performance Estimates
================================================================
+ Timing: 
    * Summary: 
    +--------+---------+----------+------------+
    |  Clock |  Target | Estimated| Uncertainty|
    +--------+---------+----------+------------+
    |ap_clk  |  3.33 ns|  2.433 ns|     0.90 ns|
    +--------+---------+----------+------------+

+ Latency: 
    * Summary: 
    +---------+---------+-----------+-----------+---------+---------+---------+
    |  Latency (cycles) |   Latency (absolute)  |      Interval     | Pipeline|
    |   min   |   max   |    min    |    max    |   min   |   max   |   Type  |
    +---------+---------+-----------+-----------+---------+---------+---------+
    |  8320323|  8324166|  27.732 ms|  27.744 ms|  8320323|  8324166|       no|
    +---------+---------+-----------+-----------+---------+---------+---------+

    + Detail: 
        * Instance: 
        +----------------------------------------------------+------------------------------------------+---------+---------+-----------+-----------+---------+---------+---------+
        |                                                    |                                          |  Latency (cycles) |   Latency (absolute)  |      Interval     | Pipeline|
        |                      Instance                      |                  Module                  |   min   |   max   |    min    |    max    |   min   |   max   |   Type  |
        +----------------------------------------------------+------------------------------------------+---------+---------+-----------+-----------+---------+---------+---------+
        |grp_KernNv122bgr_0_6_9_2160_3840_1_1_1_5_9_s_fu_46  |KernNv122bgr_0_6_9_2160_3840_1_1_1_5_9_s  |  8320322|  8324165|  27.732 ms|  27.744 ms|  8320322|  8324165|       no|
        +----------------------------------------------------+------------------------------------------+---------+---------+-----------+-----------+---------+---------+---------+

        * Loop: 
        N/A



================================================================
== Utilization Estimates
================================================================
* Summary: 
+-----------------+---------+------+--------+--------+-----+
|       Name      | BRAM_18K|  DSP |   FF   |   LUT  | URAM|
+-----------------+---------+------+--------+--------+-----+
|DSP              |        -|     -|       -|       -|    -|
|Expression       |        -|     -|       0|       2|    -|
|FIFO             |        -|     -|       -|       -|    -|
|Instance         |        4|     5|     626|     893|    -|
|Memory           |        -|     -|       -|       -|    -|
|Multiplexer      |        -|     -|       -|      68|    -|
|Register         |        -|     -|      36|       -|    -|
+-----------------+---------+------+--------+--------+-----+
|Total            |        4|     5|     662|     963|    0|
+-----------------+---------+------+--------+--------+-----+
|Available        |      288|  1248|  234240|  117120|   64|
+-----------------+---------+------+--------+--------+-----+
|Utilization (%)  |        1|    ~0|      ~0|      ~0|    0|
+-----------------+---------+------+--------+--------+-----+

+ Detail: 
    * Instance: 
    +----------------------------------------------------+------------------------------------------+---------+----+-----+-----+-----+
    |                      Instance                      |                  Module                  | BRAM_18K| DSP|  FF | LUT | URAM|
    +----------------------------------------------------+------------------------------------------+---------+----+-----+-----+-----+
    |grp_KernNv122bgr_0_6_9_2160_3840_1_1_1_5_9_s_fu_46  |KernNv122bgr_0_6_9_2160_3840_1_1_1_5_9_s  |        4|   5|  626|  893|    0|
    +----------------------------------------------------+------------------------------------------+---------+----+-----+-----+-----+
    |Total                                               |                                          |        4|   5|  626|  893|    0|
    +----------------------------------------------------+------------------------------------------+---------+----+-----+-----+-----+

    * DSP: 
    N/A

    * Memory: 
    N/A

    * FIFO: 
    N/A

    * Expression: 
    +-----------------+----------+----+---+----+------------+------------+
    |  Variable Name  | Operation| DSP| FF| LUT| Bitwidth P0| Bitwidth P1|
    +-----------------+----------+----+---+----+------------+------------+
    |ap_block_state1  |        or|   0|  0|   2|           1|           1|
    +-----------------+----------+----+---+----+------------+------------+
    |Total            |          |   0|  0|   2|           1|           1|
    +-----------------+----------+----+---+----+------------+------------+

    * Multiplexer: 
    +-------------------------+----+-----------+-----+-----------+
    |           Name          | LUT| Input Size| Bits| Total Bits|
    +-------------------------+----+-----------+-----+-----------+
    |ap_NS_fsm                |  14|          3|    1|          3|
    |ap_done                  |   9|          2|    1|          2|
    |imgInput_uv_data82_read  |   9|          2|    1|          2|
    |imgInput_y_data81_read   |   9|          2|    1|          2|
    |rgb_mat_data83_write     |   9|          2|    1|          2|
    |src_y_cols_blk_n         |   9|          2|    1|          2|
    |src_y_rows_blk_n         |   9|          2|    1|          2|
    +-------------------------+----+-----------+-----+-----------+
    |Total                    |  68|         15|    7|         15|
    +-------------------------+----+-----------+-----+-----------+

    * Register: 
    +-----------------------------------------------------------------+----+----+-----+-----------+
    |                               Name                              | FF | LUT| Bits| Const Bits|
    +-----------------------------------------------------------------+----+----+-----+-----------+
    |ap_CS_fsm                                                        |   2|   0|    2|          0|
    |ap_done_reg                                                      |   1|   0|    1|          0|
    |grp_KernNv122bgr_0_6_9_2160_3840_1_1_1_5_9_s_fu_46_ap_start_reg  |   1|   0|    1|          0|
    |height_reg_68                                                    |  16|   0|   16|          0|
    |width_reg_73                                                     |  16|   0|   16|          0|
    +-----------------------------------------------------------------+----+----+-----+-----------+
    |Total                                                            |  36|   0|   36|          0|
    +-----------------------------------------------------------------+----+----+-----+-----------+



================================================================
== Interface
================================================================
* Summary: 
+-----------------------------------+-----+-----+------------+-------------------------------------+--------------+
|             RTL Ports             | Dir | Bits|  Protocol  |            Source Object            |    C Type    |
+-----------------------------------+-----+-----+------------+-------------------------------------+--------------+
|ap_clk                             |   in|    1|  ap_ctrl_hs|  nv122bgr<0, 6, 9, 2160, 3840, 1, 1>|  return value|
|ap_rst                             |   in|    1|  ap_ctrl_hs|  nv122bgr<0, 6, 9, 2160, 3840, 1, 1>|  return value|
|ap_start                           |   in|    1|  ap_ctrl_hs|  nv122bgr<0, 6, 9, 2160, 3840, 1, 1>|  return value|
|ap_done                            |  out|    1|  ap_ctrl_hs|  nv122bgr<0, 6, 9, 2160, 3840, 1, 1>|  return value|
|ap_continue                        |   in|    1|  ap_ctrl_hs|  nv122bgr<0, 6, 9, 2160, 3840, 1, 1>|  return value|
|ap_idle                            |  out|    1|  ap_ctrl_hs|  nv122bgr<0, 6, 9, 2160, 3840, 1, 1>|  return value|
|ap_ready                           |  out|    1|  ap_ctrl_hs|  nv122bgr<0, 6, 9, 2160, 3840, 1, 1>|  return value|
|src_y_rows_dout                    |   in|   32|     ap_fifo|                           src_y_rows|       pointer|
|src_y_rows_num_data_valid          |   in|    2|     ap_fifo|                           src_y_rows|       pointer|
|src_y_rows_fifo_cap                |   in|    2|     ap_fifo|                           src_y_rows|       pointer|
|src_y_rows_empty_n                 |   in|    1|     ap_fifo|                           src_y_rows|       pointer|
|src_y_rows_read                    |  out|    1|     ap_fifo|                           src_y_rows|       pointer|
|src_y_cols_dout                    |   in|   32|     ap_fifo|                           src_y_cols|       pointer|
|src_y_cols_num_data_valid          |   in|    2|     ap_fifo|                           src_y_cols|       pointer|
|src_y_cols_fifo_cap                |   in|    2|     ap_fifo|                           src_y_cols|       pointer|
|src_y_cols_empty_n                 |   in|    1|     ap_fifo|                           src_y_cols|       pointer|
|src_y_cols_read                    |  out|    1|     ap_fifo|                           src_y_cols|       pointer|
|imgInput_y_data81_dout             |   in|    8|     ap_fifo|                    imgInput_y_data81|       pointer|
|imgInput_y_data81_num_data_valid   |   in|    2|     ap_fifo|                    imgInput_y_data81|       pointer|
|imgInput_y_data81_fifo_cap         |   in|    2|     ap_fifo|                    imgInput_y_data81|       pointer|
|imgInput_y_data81_empty_n          |   in|    1|     ap_fifo|                    imgInput_y_data81|       pointer|
|imgInput_y_data81_read             |  out|    1|     ap_fifo|                    imgInput_y_data81|       pointer|
|imgInput_uv_data82_dout            |   in|   16|     ap_fifo|                   imgInput_uv_data82|       pointer|
|imgInput_uv_data82_num_data_valid  |   in|    2|     ap_fifo|                   imgInput_uv_data82|       pointer|
|imgInput_uv_data82_fifo_cap        |   in|    2|     ap_fifo|                   imgInput_uv_data82|       pointer|
|imgInput_uv_data82_empty_n         |   in|    1|     ap_fifo|                   imgInput_uv_data82|       pointer|
|imgInput_uv_data82_read            |  out|    1|     ap_fifo|                   imgInput_uv_data82|       pointer|
|rgb_mat_data83_din                 |  out|   24|     ap_fifo|                       rgb_mat_data83|       pointer|
|rgb_mat_data83_num_data_valid      |   in|    2|     ap_fifo|                       rgb_mat_data83|       pointer|
|rgb_mat_data83_fifo_cap            |   in|    2|     ap_fifo|                       rgb_mat_data83|       pointer|
|rgb_mat_data83_full_n              |   in|    1|     ap_fifo|                       rgb_mat_data83|       pointer|
|rgb_mat_data83_write               |  out|    1|     ap_fifo|                       rgb_mat_data83|       pointer|
+-----------------------------------+-----+-----+------------+-------------------------------------+--------------+

