

================================================================
== Vitis HLS Report for 'preProcess_9_9_720_720_1_8_8_8_4_8_8_Pipeline_VITIS_LOOP_115_1'
================================================================
* Date:           Mon Jun 27 00:45:14 2022

* Version:        2022.1 (Build 3526262 on Mon Apr 18 15:47:01 MDT 2022)
* Project:        pp_pipeline_accel
* Solution:       solution (Vitis Kernel Flow Target)
* Product family: zynquplus
* Target device:  xck26-sfvc784-2LVI-i


================================================================
== Performance Estimates
================================================================
+ Timing: 
    * Summary: 
    +--------+----------+----------+------------+
    |  Clock |  Target  | Estimated| Uncertainty|
    +--------+----------+----------+------------+
    |ap_clk  |  10.00 ns|  7.300 ns|     2.70 ns|
    +--------+----------+----------+------------+

+ Latency: 
    * Summary: 
    +---------+---------+----------+----------+-----+-----+---------+
    |  Latency (cycles) |  Latency (absolute) |  Interval | Pipeline|
    |   min   |   max   |    min   |    max   | min | max |   Type  |
    +---------+---------+----------+----------+-----+-----+---------+
    |       11|       11|  0.110 us|  0.110 us|   11|   11|       no|
    +---------+---------+----------+----------+-----+-----+---------+

    + Detail: 
        * Instance: 
        N/A

        * Loop: 
        +--------------------+---------+---------+----------+-----------+-----------+------+----------+
        |                    |  Latency (cycles) | Iteration|  Initiation Interval  | Trip |          |
        |      Loop Name     |   min   |   max   |  Latency |  achieved |   target  | Count| Pipelined|
        +--------------------+---------+---------+----------+-----------+-----------+------+----------+
        |- VITIS_LOOP_115_1  |        9|        9|         5|          1|          1|     6|       yes|
        +--------------------+---------+---------+----------+-----------+-----------+------+----------+



================================================================
== Utilization Estimates
================================================================
* Summary: 
+-----------------+---------+------+--------+--------+-----+
|       Name      | BRAM_18K|  DSP |   FF   |   LUT  | URAM|
+-----------------+---------+------+--------+--------+-----+
|DSP              |        -|     -|       -|       -|    -|
|Expression       |        -|     -|       0|     987|    -|
|FIFO             |        -|     -|       -|       -|    -|
|Instance         |        -|     -|       -|       -|    -|
|Memory           |        -|     -|       -|       -|    -|
|Multiplexer      |        -|     -|       -|      68|    -|
|Register         |        -|     -|     420|      96|    -|
+-----------------+---------+------+--------+--------+-----+
|Total            |        0|     0|     420|    1151|    0|
+-----------------+---------+------+--------+--------+-----+
|Available        |      288|  1248|  234240|  117120|   64|
+-----------------+---------+------+--------+--------+-----+
|Utilization (%)  |        0|     0|      ~0|      ~0|    0|
+-----------------+---------+------+--------+--------+-----+

+ Detail: 
    * Instance: 
    +-------------------------------+--------------------------+---------+----+---+----+-----+
    |            Instance           |          Module          | BRAM_18K| DSP| FF| LUT| URAM|
    +-------------------------------+--------------------------+---------+----+---+----+-----+
    |fpext_32ns_64_2_no_dsp_1_U249  |fpext_32ns_64_2_no_dsp_1  |        0|   0|  0|   0|    0|
    +-------------------------------+--------------------------+---------+----+---+----+-----+
    |Total                          |                          |        0|   0|  0|   0|    0|
    +-------------------------------+--------------------------+---------+----+---+----+-----+

    * DSP: 
    N/A

    * Memory: 
    N/A

    * FIFO: 
    N/A

    * Expression: 
    +----------------------------------+----------+----+---+-----+------------+------------+
    |           Variable Name          | Operation| DSP| FF| LUT | Bitwidth P0| Bitwidth P1|
    +----------------------------------+----------+----+---+-----+------------+------------+
    |add_ln115_fu_238_p2               |         +|   0|  0|   10|           3|           1|
    |add_ln423_1_fu_679_p2             |         +|   0|  0|   15|           8|           8|
    |add_ln423_fu_662_p2               |         +|   0|  0|   15|           8|           8|
    |add_ln616_fu_434_p2               |         +|   0|  0|   19|          12|           4|
    |add_ln626_1_fu_633_p2             |         +|   0|  0|   18|          11|           4|
    |add_ln626_fu_615_p2               |         +|   0|  0|   13|           6|           2|
    |F2_fu_385_p2                      |         -|   0|  0|   19|          11|          12|
    |man_V_1_fu_372_p2                 |         -|   0|  0|   61|           1|          54|
    |sub_ln616_1_fu_440_p2             |         -|   0|  0|   19|           3|          12|
    |sub_ln616_fu_401_p2               |         -|   0|  0|   19|           1|          12|
    |and_ln122_1_fu_885_p2             |       and|   0|  0|    2|           1|           1|
    |and_ln122_fu_871_p2               |       and|   0|  0|    2|           1|           1|
    |and_ln124_1_fu_817_p2             |       and|   0|  0|    2|           1|           1|
    |and_ln124_fu_797_p2               |       and|   0|  0|    2|           1|           1|
    |and_ln616_1_fu_764_p2             |       and|   0|  0|    2|           1|           1|
    |and_ln616_fu_715_p2               |       and|   0|  0|    2|           1|           1|
    |and_ln617_1_fu_739_p2             |       and|   0|  0|    2|           1|           1|
    |and_ln617_fu_690_p2               |       and|   0|  0|    2|           1|           1|
    |ap_block_pp0_stage0_01001         |       and|   0|  0|    2|           1|           1|
    |ap_block_state2_pp0_stage0_iter1  |       and|   0|  0|    2|           1|           1|
    |ap_predicate_op30_read_state2     |       and|   0|  0|    2|           1|           1|
    |ashr_ln621_1_fu_557_p2            |      ashr|   0|  0|  159|          54|          54|
    |ashr_ln621_fu_489_p2              |      ashr|   0|  0|  159|          54|          54|
    |icmp_ln115_fu_232_p2              |      icmp|   0|  0|    8|           3|           3|
    |icmp_ln121_fu_353_p2              |      icmp|   0|  0|    8|           3|           2|
    |icmp_ln124_1_fu_811_p2            |      icmp|   0|  0|    8|           2|           1|
    |icmp_ln124_fu_785_p2              |      icmp|   0|  0|    8|           2|           1|
    |icmp_ln606_fu_315_p2              |      icmp|   0|  0|   28|          63|           1|
    |icmp_ln616_1_fu_428_p2            |      icmp|   0|  0|   12|          12|           3|
    |icmp_ln616_fu_395_p2              |      icmp|   0|  0|   12|          12|           1|
    |icmp_ln617_1_fu_458_p2            |      icmp|   0|  0|   12|          12|           3|
    |icmp_ln617_fu_419_p2              |      icmp|   0|  0|   11|          11|          11|
    |icmp_ln620_1_fu_547_p2            |      icmp|   0|  0|   12|          12|           6|
    |icmp_ln620_fu_468_p2              |      icmp|   0|  0|   12|          12|           6|
    |icmp_ln626_1_fu_575_p2            |      icmp|   0|  0|   12|          12|           6|
    |icmp_ln626_fu_507_p2              |      icmp|   0|  0|   12|          12|           6|
    |icmp_ln638_1_fu_591_p2            |      icmp|   0|  0|   11|           9|           1|
    |icmp_ln638_fu_523_p2              |      icmp|   0|  0|   11|           9|           1|
    |or_ln122_1_fu_857_p2              |        or|   0|  0|    2|           1|           1|
    |or_ln122_fu_851_p2                |        or|   0|  0|    2|           1|           1|
    |or_ln124_1_fu_837_p2              |        or|   0|  0|    2|           1|           1|
    |or_ln124_fu_831_p2                |        or|   0|  0|    2|           1|           1|
    |or_ln617_1_fu_753_p2              |        or|   0|  0|    2|           1|           1|
    |or_ln617_fu_704_p2                |        or|   0|  0|    2|           1|           1|
    |alpha_reg_V_4_fu_863_p3           |    select|   0|  0|    8|           1|           8|
    |alpha_reg_V_5_fu_877_p3           |    select|   0|  0|    8|           1|           8|
    |alpha_reg_V_6_fu_891_p3           |    select|   0|  0|    8|           1|           8|
    |alpha_reg_V_fu_729_p3             |    select|   0|  0|    8|           1|           1|
    |beta_reg_V_3_fu_778_p3            |    select|   0|  0|    8|           1|           1|
    |beta_reg_V_4_fu_803_p3            |    select|   0|  0|    8|           1|           8|
    |beta_reg_V_5_fu_823_p3            |    select|   0|  0|    8|           1|           8|
    |beta_reg_V_6_fu_843_p3            |    select|   0|  0|    8|           1|           8|
    |man_V_3_fu_378_p3                 |    select|   0|  0|   52|           1|          54|
    |qb_1_fu_668_p3                    |    select|   0|  0|    2|           1|           1|
    |qb_fu_651_p3                      |    select|   0|  0|    2|           1|           1|
    |select_ln616_1_fu_770_p3          |    select|   0|  0|    8|           1|           8|
    |select_ln616_fu_721_p3            |    select|   0|  0|    8|           1|           8|
    |select_ln617_1_fu_745_p3          |    select|   0|  0|    8|           1|           8|
    |select_ln617_fu_696_p3            |    select|   0|  0|    8|           1|           8|
    |select_ln620_1_fu_567_p3          |    select|   0|  0|    8|           1|           8|
    |select_ln620_fu_499_p3            |    select|   0|  0|    8|           1|           8|
    |select_ln623_fu_474_p3            |    select|   0|  0|    2|           1|           2|
    |select_ln638_1_fu_607_p3          |    select|   0|  0|    8|           1|           8|
    |select_ln638_fu_539_p3            |    select|   0|  0|    8|           1|           8|
    |sh_amt_1_fu_446_p3                |    select|   0|  0|   11|           1|          12|
    |sh_amt_fu_407_p3                  |    select|   0|  0|   11|           1|          12|
    |shl_ln639_1_fu_601_p2             |       shl|   0|  0|   16|           8|           8|
    |shl_ln639_fu_533_p2               |       shl|   0|  0|   16|           8|           8|
    |ap_enable_pp0                     |       xor|   0|  0|    2|           1|           2|
    |xor_ln121_fu_791_p2               |       xor|   0|  0|    2|           1|           2|
    |xor_ln606_fu_685_p2               |       xor|   0|  0|    2|           1|           2|
    |xor_ln617_1_fu_758_p2             |       xor|   0|  0|    2|           1|           2|
    |xor_ln617_fu_709_p2               |       xor|   0|  0|    2|           1|           2|
    +----------------------------------+----------+----+---+-----+------------+------------+
    |Total                             |          |   0|  0|  987|         418|         516|
    +----------------------------------+----------+----+---+-----+------------+------------+

    * Multiplexer: 
    +--------------------------------+----+-----------+-----+-----------+
    |              Name              | LUT| Input Size| Bits| Total Bits|
    +--------------------------------+----+-----------+-----+-----------+
    |ap_done_int                     |   9|          2|    1|          2|
    |ap_enable_reg_pp0_iter2         |   9|          2|    1|          2|
    |ap_phi_mux_empty_phi_fu_206_p4  |  14|          3|   64|        192|
    |ap_sig_allocacmp_i_3            |   9|          2|    3|          6|
    |gmem4_blk_n_R                   |   9|          2|    1|          2|
    |i_fu_122                        |   9|          2|    3|          6|
    |shiftreg_fu_118                 |   9|          2|   32|         64|
    +--------------------------------+----+-----------+-----+-----------+
    |Total                           |  68|         15|  105|        274|
    +--------------------------------+----+-----------+-----+-----------+

    * Register: 
    +----------------------------------+----+----+-----+-----------+
    |               Name               | FF | LUT| Bits| Const Bits|
    +----------------------------------+----+----+-----+-----------+
    |alpha_reg_V_1_fu_126              |   8|   0|    8|          0|
    |alpha_reg_V_2_fu_130              |   8|   0|    8|          0|
    |alpha_reg_V_3_fu_134              |   8|   0|    8|          0|
    |ap_CS_fsm                         |   1|   0|    1|          0|
    |ap_done_reg                       |   1|   0|    1|          0|
    |ap_enable_reg_pp0_iter1           |   1|   0|    1|          0|
    |ap_enable_reg_pp0_iter2           |   1|   0|    1|          0|
    |ap_enable_reg_pp0_iter3           |   1|   0|    1|          0|
    |ap_enable_reg_pp0_iter4           |   1|   0|    1|          0|
    |ap_loop_exit_ready_pp0_iter1_reg  |   1|   0|    1|          0|
    |ap_loop_exit_ready_pp0_iter2_reg  |   1|   0|    1|          0|
    |ap_loop_exit_ready_pp0_iter3_reg  |   1|   0|    1|          0|
    |beta_reg_V_1_fu_142               |   8|   0|    8|          0|
    |beta_reg_V_2_fu_146               |   8|   0|    8|          0|
    |beta_reg_V_fu_138                 |   8|   0|    8|          0|
    |exp_tmp_reg_1059                  |  11|   0|   11|          0|
    |gmem4_addr_read_reg_1028          |  64|   0|   64|          0|
    |i_3_reg_1014                      |   3|   0|    3|          0|
    |i_fu_122                          |   3|   0|    3|          0|
    |icmp_ln115_reg_1020               |   1|   0|    1|          0|
    |icmp_ln606_reg_1050               |   1|   0|    1|          0|
    |isneg_reg_1043                    |   1|   0|    1|          0|
    |shiftreg_fu_118                   |  32|   0|   32|          0|
    |tmp_reg_1038                      |   1|   0|    1|          0|
    |tmp_reg_1038_pp0_iter3_reg        |   1|   0|    1|          0|
    |trunc_ln115_reg_1024              |   1|   0|    1|          0|
    |trunc_ln600_reg_1065              |  52|   0|   52|          0|
    |i_3_reg_1014                      |  64|  32|    3|          0|
    |icmp_ln115_reg_1020               |  64|  32|    1|          0|
    |trunc_ln115_reg_1024              |  64|  32|    1|          0|
    +----------------------------------+----+----+-----+-----------+
    |Total                             | 420|  96|  233|          0|
    +----------------------------------+----+----+-----+-----------+



================================================================
== Interface
================================================================
* Summary: 
+--------------------------+-----+-----+------------+---------------------------------------------------------------------------+--------------+
|         RTL Ports        | Dir | Bits|  Protocol  |                               Source Object                               |    C Type    |
+--------------------------+-----+-----+------------+---------------------------------------------------------------------------+--------------+
|ap_clk                    |   in|    1|  ap_ctrl_hs|  preProcess<9, 9, 720, 720, 1, 8, 8, 8, 4, 8, 8>_Pipeline_VITIS_LOOP_115_1|  return value|
|ap_rst                    |   in|    1|  ap_ctrl_hs|  preProcess<9, 9, 720, 720, 1, 8, 8, 8, 4, 8, 8>_Pipeline_VITIS_LOOP_115_1|  return value|
|ap_start                  |   in|    1|  ap_ctrl_hs|  preProcess<9, 9, 720, 720, 1, 8, 8, 8, 4, 8, 8>_Pipeline_VITIS_LOOP_115_1|  return value|
|ap_done                   |  out|    1|  ap_ctrl_hs|  preProcess<9, 9, 720, 720, 1, 8, 8, 8, 4, 8, 8>_Pipeline_VITIS_LOOP_115_1|  return value|
|ap_idle                   |  out|    1|  ap_ctrl_hs|  preProcess<9, 9, 720, 720, 1, 8, 8, 8, 4, 8, 8>_Pipeline_VITIS_LOOP_115_1|  return value|
|ap_ready                  |  out|    1|  ap_ctrl_hs|  preProcess<9, 9, 720, 720, 1, 8, 8, 8, 4, 8, 8>_Pipeline_VITIS_LOOP_115_1|  return value|
|m_axi_gmem4_AWVALID       |  out|    1|       m_axi|                                                                      gmem4|       pointer|
|m_axi_gmem4_AWREADY       |   in|    1|       m_axi|                                                                      gmem4|       pointer|
|m_axi_gmem4_AWADDR        |  out|   64|       m_axi|                                                                      gmem4|       pointer|
|m_axi_gmem4_AWID          |  out|    1|       m_axi|                                                                      gmem4|       pointer|
|m_axi_gmem4_AWLEN         |  out|   32|       m_axi|                                                                      gmem4|       pointer|
|m_axi_gmem4_AWSIZE        |  out|    3|       m_axi|                                                                      gmem4|       pointer|
|m_axi_gmem4_AWBURST       |  out|    2|       m_axi|                                                                      gmem4|       pointer|
|m_axi_gmem4_AWLOCK        |  out|    2|       m_axi|                                                                      gmem4|       pointer|
|m_axi_gmem4_AWCACHE       |  out|    4|       m_axi|                                                                      gmem4|       pointer|
|m_axi_gmem4_AWPROT        |  out|    3|       m_axi|                                                                      gmem4|       pointer|
|m_axi_gmem4_AWQOS         |  out|    4|       m_axi|                                                                      gmem4|       pointer|
|m_axi_gmem4_AWREGION      |  out|    4|       m_axi|                                                                      gmem4|       pointer|
|m_axi_gmem4_AWUSER        |  out|    1|       m_axi|                                                                      gmem4|       pointer|
|m_axi_gmem4_WVALID        |  out|    1|       m_axi|                                                                      gmem4|       pointer|
|m_axi_gmem4_WREADY        |   in|    1|       m_axi|                                                                      gmem4|       pointer|
|m_axi_gmem4_WDATA         |  out|   64|       m_axi|                                                                      gmem4|       pointer|
|m_axi_gmem4_WSTRB         |  out|    8|       m_axi|                                                                      gmem4|       pointer|
|m_axi_gmem4_WLAST         |  out|    1|       m_axi|                                                                      gmem4|       pointer|
|m_axi_gmem4_WID           |  out|    1|       m_axi|                                                                      gmem4|       pointer|
|m_axi_gmem4_WUSER         |  out|    1|       m_axi|                                                                      gmem4|       pointer|
|m_axi_gmem4_ARVALID       |  out|    1|       m_axi|                                                                      gmem4|       pointer|
|m_axi_gmem4_ARREADY       |   in|    1|       m_axi|                                                                      gmem4|       pointer|
|m_axi_gmem4_ARADDR        |  out|   64|       m_axi|                                                                      gmem4|       pointer|
|m_axi_gmem4_ARID          |  out|    1|       m_axi|                                                                      gmem4|       pointer|
|m_axi_gmem4_ARLEN         |  out|   32|       m_axi|                                                                      gmem4|       pointer|
|m_axi_gmem4_ARSIZE        |  out|    3|       m_axi|                                                                      gmem4|       pointer|
|m_axi_gmem4_ARBURST       |  out|    2|       m_axi|                                                                      gmem4|       pointer|
|m_axi_gmem4_ARLOCK        |  out|    2|       m_axi|                                                                      gmem4|       pointer|
|m_axi_gmem4_ARCACHE       |  out|    4|       m_axi|                                                                      gmem4|       pointer|
|m_axi_gmem4_ARPROT        |  out|    3|       m_axi|                                                                      gmem4|       pointer|
|m_axi_gmem4_ARQOS         |  out|    4|       m_axi|                                                                      gmem4|       pointer|
|m_axi_gmem4_ARREGION      |  out|    4|       m_axi|                                                                      gmem4|       pointer|
|m_axi_gmem4_ARUSER        |  out|    1|       m_axi|                                                                      gmem4|       pointer|
|m_axi_gmem4_RVALID        |   in|    1|       m_axi|                                                                      gmem4|       pointer|
|m_axi_gmem4_RREADY        |  out|    1|       m_axi|                                                                      gmem4|       pointer|
|m_axi_gmem4_RDATA         |   in|   64|       m_axi|                                                                      gmem4|       pointer|
|m_axi_gmem4_RLAST         |   in|    1|       m_axi|                                                                      gmem4|       pointer|
|m_axi_gmem4_RID           |   in|    1|       m_axi|                                                                      gmem4|       pointer|
|m_axi_gmem4_RFIFONUM      |   in|    9|       m_axi|                                                                      gmem4|       pointer|
|m_axi_gmem4_RUSER         |   in|    1|       m_axi|                                                                      gmem4|       pointer|
|m_axi_gmem4_RRESP         |   in|    2|       m_axi|                                                                      gmem4|       pointer|
|m_axi_gmem4_BVALID        |   in|    1|       m_axi|                                                                      gmem4|       pointer|
|m_axi_gmem4_BREADY        |  out|    1|       m_axi|                                                                      gmem4|       pointer|
|m_axi_gmem4_BRESP         |   in|    2|       m_axi|                                                                      gmem4|       pointer|
|m_axi_gmem4_BID           |   in|    1|       m_axi|                                                                      gmem4|       pointer|
|m_axi_gmem4_BUSER         |   in|    1|       m_axi|                                                                      gmem4|       pointer|
|sext_ln115                |   in|   61|     ap_none|                                                                 sext_ln115|        scalar|
|beta_reg_V_2_out          |  out|    8|      ap_vld|                                                           beta_reg_V_2_out|       pointer|
|beta_reg_V_2_out_ap_vld   |  out|    1|      ap_vld|                                                           beta_reg_V_2_out|       pointer|
|beta_reg_V_1_out          |  out|    8|      ap_vld|                                                           beta_reg_V_1_out|       pointer|
|beta_reg_V_1_out_ap_vld   |  out|    1|      ap_vld|                                                           beta_reg_V_1_out|       pointer|
|beta_reg_V_out            |  out|    8|      ap_vld|                                                             beta_reg_V_out|       pointer|
|beta_reg_V_out_ap_vld     |  out|    1|      ap_vld|                                                             beta_reg_V_out|       pointer|
|alpha_reg_V_9_out         |  out|    8|      ap_vld|                                                          alpha_reg_V_9_out|       pointer|
|alpha_reg_V_9_out_ap_vld  |  out|    1|      ap_vld|                                                          alpha_reg_V_9_out|       pointer|
|alpha_reg_V_8_out         |  out|    8|      ap_vld|                                                          alpha_reg_V_8_out|       pointer|
|alpha_reg_V_8_out_ap_vld  |  out|    1|      ap_vld|                                                          alpha_reg_V_8_out|       pointer|
|alpha_reg_V_7_out         |  out|    8|      ap_vld|                                                          alpha_reg_V_7_out|       pointer|
|alpha_reg_V_7_out_ap_vld  |  out|    1|      ap_vld|                                                          alpha_reg_V_7_out|       pointer|
+--------------------------+-----+-----+------------+---------------------------------------------------------------------------+--------------+

