

================================================================
== Vitis HLS Report for 'xfMat2Array_64_9_720_720_1_1_s'
================================================================
* Date:           Mon Jun 27 00:45:19 2022

* Version:        2022.1 (Build 3526262 on Mon Apr 18 15:47:01 MDT 2022)
* Project:        pp_pipeline_accel
* Solution:       solution (Vitis Kernel Flow Target)
* Product family: zynquplus
* Target device:  xck26-sfvc784-2LVI-i


================================================================
== Performance Estimates
================================================================
+ Timing: 
    * Summary: 
    +--------+----------+----------+------------+
    |  Clock |  Target  | Estimated| Uncertainty|
    +--------+----------+----------+------------+
    |ap_clk  |  10.00 ns|  7.300 ns|     2.70 ns|
    +--------+----------+----------+------------+

+ Latency: 
    * Summary: 
    +---------+---------+----------+----------+-----+--------+---------+
    |  Latency (cycles) |  Latency (absolute) |   Interval   | Pipeline|
    |   min   |   max   |    min   |    max   | min |   max  |   Type  |
    +---------+---------+----------+----------+-----+--------+---------+
    |       10|   518409|  0.100 us|  5.184 ms|   10|  518409|       no|
    +---------+---------+----------+----------+-----+--------+---------+

    + Detail: 
        * Instance: 
        +-------------------+---------+---------+---------+-----------+----------+-----+--------+----------+
        |                   |         |  Latency (cycles) |  Latency (absolute)  |   Interval   | Pipeline |
        |      Instance     |  Module |   min   |   max   |    min    |    max   | min |   max  |   Type   |
        +-------------------+---------+---------+---------+-----------+----------+-----+--------+----------+
        |grp_Mat2Axi_fu_72  |Mat2Axi  |        9|   518408|  90.000 ns|  5.184 ms|    9|  518408|  dataflow|
        +-------------------+---------+---------+---------+-----------+----------+-----+--------+----------+

        * Loop: 
        N/A



================================================================
== Utilization Estimates
================================================================
* Summary: 
+-----------------+---------+------+--------+--------+-----+
|       Name      | BRAM_18K|  DSP |   FF   |   LUT  | URAM|
+-----------------+---------+------+--------+--------+-----+
|DSP              |        -|     -|       -|       -|    -|
|Expression       |        -|     -|       0|       6|    -|
|FIFO             |        -|     -|       -|       -|    -|
|Instance         |        -|     2|    1495|    2796|    -|
|Memory           |        -|     -|       -|       -|    -|
|Multiplexer      |        -|     -|       -|      77|    -|
|Register         |        -|     -|     118|       -|    -|
+-----------------+---------+------+--------+--------+-----+
|Total            |        0|     2|    1613|    2879|    0|
+-----------------+---------+------+--------+--------+-----+
|Available        |      288|  1248|  234240|  117120|   64|
+-----------------+---------+------+--------+--------+-----+
|Utilization (%)  |        0|    ~0|      ~0|       2|    0|
+-----------------+---------+------+--------+--------+-----+

+ Detail: 
    * Instance: 
    +-------------------+---------+---------+----+------+------+-----+
    |      Instance     |  Module | BRAM_18K| DSP|  FF  |  LUT | URAM|
    +-------------------+---------+---------+----+------+------+-----+
    |grp_Mat2Axi_fu_72  |Mat2Axi  |        0|   2|  1495|  2796|    0|
    +-------------------+---------+---------+----+------+------+-----+
    |Total              |         |        0|   2|  1495|  2796|    0|
    +-------------------+---------+---------+----+------+------+-----+

    * DSP: 
    N/A

    * Memory: 
    N/A

    * FIFO: 
    N/A

    * Expression: 
    +------------------------------------+----------+----+---+----+------------+------------+
    |            Variable Name           | Operation| DSP| FF| LUT| Bitwidth P0| Bitwidth P1|
    +------------------------------------+----------+----+---+----+------------+------------+
    |ap_block_state1                     |        or|   0|  0|   2|           1|           1|
    |ap_sync_grp_Mat2Axi_fu_72_ap_done   |        or|   0|  0|   2|           1|           1|
    |ap_sync_grp_Mat2Axi_fu_72_ap_ready  |        or|   0|  0|   2|           1|           1|
    +------------------------------------+----------+----+---+----+------------+------------+
    |Total                               |          |   0|  0|   6|           3|           3|
    +------------------------------------+----------+----+---+----+------------+------------+

    * Multiplexer: 
    +---------------------+----+-----------+-----+-----------+
    |         Name        | LUT| Input Size| Bits| Total Bits|
    +---------------------+----+-----------+-----+-----------+
    |ap_NS_fsm            |  14|          3|    1|          3|
    |ap_done              |   9|          2|    1|          2|
    |dstPtr_blk_n         |   9|          2|    1|          2|
    |m_axi_gmem3_AWVALID  |   9|          2|    1|          2|
    |m_axi_gmem3_BREADY   |   9|          2|    1|          2|
    |m_axi_gmem3_WVALID   |   9|          2|    1|          2|
    |out_mat_data85_read  |   9|          2|    1|          2|
    |stride_blk_n         |   9|          2|    1|          2|
    +---------------------+----+-----------+-----+-----------+
    |Total                |  77|         17|    8|         17|
    +---------------------+----+-----------+-----+-----------+

    * Register: 
    +----------------------------------------+----+----+-----+-----------+
    |                  Name                  | FF | LUT| Bits| Const Bits|
    +----------------------------------------+----+----+-----+-----------+
    |ap_CS_fsm                               |   2|   0|    2|          0|
    |ap_done_reg                             |   1|   0|    1|          0|
    |ap_sync_reg_grp_Mat2Axi_fu_72_ap_done   |   1|   0|    1|          0|
    |ap_sync_reg_grp_Mat2Axi_fu_72_ap_ready  |   1|   0|    1|          0|
    |dstPtr_read_reg_102                     |  64|   0|   64|          0|
    |grp_Mat2Axi_fu_72_ap_start_reg          |   1|   0|    1|          0|
    |stride_read_reg_97                      |  32|   0|   32|          0|
    |trunc_ln1565_reg_107                    |  16|   0|   16|          0|
    +----------------------------------------+----+----+-----+-----------+
    |Total                                   | 118|   0|  118|          0|
    +----------------------------------------+----+----+-----+-----------+



================================================================
== Interface
================================================================
* Summary: 
+-------------------------------+-----+-----+------------+------------------------------------+--------------+
|           RTL Ports           | Dir | Bits|  Protocol  |            Source Object           |    C Type    |
+-------------------------------+-----+-----+------------+------------------------------------+--------------+
|ap_clk                         |   in|    1|  ap_ctrl_hs|  xfMat2Array<64, 9, 720, 720, 1, 1>|  return value|
|ap_rst                         |   in|    1|  ap_ctrl_hs|  xfMat2Array<64, 9, 720, 720, 1, 1>|  return value|
|ap_start                       |   in|    1|  ap_ctrl_hs|  xfMat2Array<64, 9, 720, 720, 1, 1>|  return value|
|ap_done                        |  out|    1|  ap_ctrl_hs|  xfMat2Array<64, 9, 720, 720, 1, 1>|  return value|
|ap_continue                    |   in|    1|  ap_ctrl_hs|  xfMat2Array<64, 9, 720, 720, 1, 1>|  return value|
|ap_idle                        |  out|    1|  ap_ctrl_hs|  xfMat2Array<64, 9, 720, 720, 1, 1>|  return value|
|ap_ready                       |  out|    1|  ap_ctrl_hs|  xfMat2Array<64, 9, 720, 720, 1, 1>|  return value|
|p_read                         |   in|   32|     ap_none|                              p_read|        scalar|
|p_read1                        |   in|   32|     ap_none|                             p_read1|        scalar|
|out_mat_data85_dout            |   in|   24|     ap_fifo|                      out_mat_data85|       pointer|
|out_mat_data85_num_data_valid  |   in|    2|     ap_fifo|                      out_mat_data85|       pointer|
|out_mat_data85_fifo_cap        |   in|    2|     ap_fifo|                      out_mat_data85|       pointer|
|out_mat_data85_empty_n         |   in|    1|     ap_fifo|                      out_mat_data85|       pointer|
|out_mat_data85_read            |  out|    1|     ap_fifo|                      out_mat_data85|       pointer|
|m_axi_gmem3_AWVALID            |  out|    1|       m_axi|                               gmem3|       pointer|
|m_axi_gmem3_AWREADY            |   in|    1|       m_axi|                               gmem3|       pointer|
|m_axi_gmem3_AWADDR             |  out|   64|       m_axi|                               gmem3|       pointer|
|m_axi_gmem3_AWID               |  out|    1|       m_axi|                               gmem3|       pointer|
|m_axi_gmem3_AWLEN              |  out|   32|       m_axi|                               gmem3|       pointer|
|m_axi_gmem3_AWSIZE             |  out|    3|       m_axi|                               gmem3|       pointer|
|m_axi_gmem3_AWBURST            |  out|    2|       m_axi|                               gmem3|       pointer|
|m_axi_gmem3_AWLOCK             |  out|    2|       m_axi|                               gmem3|       pointer|
|m_axi_gmem3_AWCACHE            |  out|    4|       m_axi|                               gmem3|       pointer|
|m_axi_gmem3_AWPROT             |  out|    3|       m_axi|                               gmem3|       pointer|
|m_axi_gmem3_AWQOS              |  out|    4|       m_axi|                               gmem3|       pointer|
|m_axi_gmem3_AWREGION           |  out|    4|       m_axi|                               gmem3|       pointer|
|m_axi_gmem3_AWUSER             |  out|    1|       m_axi|                               gmem3|       pointer|
|m_axi_gmem3_WVALID             |  out|    1|       m_axi|                               gmem3|       pointer|
|m_axi_gmem3_WREADY             |   in|    1|       m_axi|                               gmem3|       pointer|
|m_axi_gmem3_WDATA              |  out|   64|       m_axi|                               gmem3|       pointer|
|m_axi_gmem3_WSTRB              |  out|    8|       m_axi|                               gmem3|       pointer|
|m_axi_gmem3_WLAST              |  out|    1|       m_axi|                               gmem3|       pointer|
|m_axi_gmem3_WID                |  out|    1|       m_axi|                               gmem3|       pointer|
|m_axi_gmem3_WUSER              |  out|    1|       m_axi|                               gmem3|       pointer|
|m_axi_gmem3_ARVALID            |  out|    1|       m_axi|                               gmem3|       pointer|
|m_axi_gmem3_ARREADY            |   in|    1|       m_axi|                               gmem3|       pointer|
|m_axi_gmem3_ARADDR             |  out|   64|       m_axi|                               gmem3|       pointer|
|m_axi_gmem3_ARID               |  out|    1|       m_axi|                               gmem3|       pointer|
|m_axi_gmem3_ARLEN              |  out|   32|       m_axi|                               gmem3|       pointer|
|m_axi_gmem3_ARSIZE             |  out|    3|       m_axi|                               gmem3|       pointer|
|m_axi_gmem3_ARBURST            |  out|    2|       m_axi|                               gmem3|       pointer|
|m_axi_gmem3_ARLOCK             |  out|    2|       m_axi|                               gmem3|       pointer|
|m_axi_gmem3_ARCACHE            |  out|    4|       m_axi|                               gmem3|       pointer|
|m_axi_gmem3_ARPROT             |  out|    3|       m_axi|                               gmem3|       pointer|
|m_axi_gmem3_ARQOS              |  out|    4|       m_axi|                               gmem3|       pointer|
|m_axi_gmem3_ARREGION           |  out|    4|       m_axi|                               gmem3|       pointer|
|m_axi_gmem3_ARUSER             |  out|    1|       m_axi|                               gmem3|       pointer|
|m_axi_gmem3_RVALID             |   in|    1|       m_axi|                               gmem3|       pointer|
|m_axi_gmem3_RREADY             |  out|    1|       m_axi|                               gmem3|       pointer|
|m_axi_gmem3_RDATA              |   in|   64|       m_axi|                               gmem3|       pointer|
|m_axi_gmem3_RLAST              |   in|    1|       m_axi|                               gmem3|       pointer|
|m_axi_gmem3_RID                |   in|    1|       m_axi|                               gmem3|       pointer|
|m_axi_gmem3_RFIFONUM           |   in|    9|       m_axi|                               gmem3|       pointer|
|m_axi_gmem3_RUSER              |   in|    1|       m_axi|                               gmem3|       pointer|
|m_axi_gmem3_RRESP              |   in|    2|       m_axi|                               gmem3|       pointer|
|m_axi_gmem3_BVALID             |   in|    1|       m_axi|                               gmem3|       pointer|
|m_axi_gmem3_BREADY             |  out|    1|       m_axi|                               gmem3|       pointer|
|m_axi_gmem3_BRESP              |   in|    2|       m_axi|                               gmem3|       pointer|
|m_axi_gmem3_BID                |   in|    1|       m_axi|                               gmem3|       pointer|
|m_axi_gmem3_BUSER              |   in|    1|       m_axi|                               gmem3|       pointer|
|dstPtr_dout                    |   in|   64|     ap_fifo|                              dstPtr|       pointer|
|dstPtr_num_data_valid          |   in|    4|     ap_fifo|                              dstPtr|       pointer|
|dstPtr_fifo_cap                |   in|    4|     ap_fifo|                              dstPtr|       pointer|
|dstPtr_empty_n                 |   in|    1|     ap_fifo|                              dstPtr|       pointer|
|dstPtr_read                    |  out|    1|     ap_fifo|                              dstPtr|       pointer|
|stride_dout                    |   in|   32|     ap_fifo|                              stride|       pointer|
|stride_num_data_valid          |   in|    4|     ap_fifo|                              stride|       pointer|
|stride_fifo_cap                |   in|    4|     ap_fifo|                              stride|       pointer|
|stride_empty_n                 |   in|    1|     ap_fifo|                              stride|       pointer|
|stride_read                    |  out|    1|     ap_fifo|                              stride|       pointer|
+-------------------------------+-----+-----+------------+------------------------------------+--------------+

